This is pdfTeX, Version 3.141592653-2.6-1.40.28 (TeX Live 2025) (preloaded format=pdflatex 2025.11.10)  10 NOV 2025 18:47
entering extended mode
 restricted \write18 enabled.
 %&-line parsing enabled.
**index.tex
(./index.tex
LaTeX2e <2025-11-01>
L3 programming layer <2025-10-24>
(/Users/autumnwilcox/Library/TinyTeX/texmf-dist/tex/latex/koma-script/scrartcl.cls
Document Class: scrartcl 2025/09/09 v3.48 KOMA-Script document class (article)
(/Users/autumnwilcox/Library/TinyTeX/texmf-dist/tex/latex/koma-script/scrkbase.sty
Package: scrkbase 2025/09/09 v3.48 KOMA-Script package (KOMA-Script-dependent basics and keyval usage)
 (/Users/autumnwilcox/Library/TinyTeX/texmf-dist/tex/latex/koma-script/scrbase.sty
Package: scrbase 2025/09/09 v3.48 KOMA-Script package (KOMA-Script-independent basics and keyval usage)
 (/Users/autumnwilcox/Library/TinyTeX/texmf-dist/tex/latex/koma-script/scrlfile.sty
Package: scrlfile 2025/09/09 v3.48 KOMA-Script package (file load hooks)
 (/Users/autumnwilcox/Library/TinyTeX/texmf-dist/tex/latex/koma-script/scrlfile-hook.sty
Package: scrlfile-hook 2025/09/09 v3.48 KOMA-Script package (using LaTeX hooks)
 (/Users/autumnwilcox/Library/TinyTeX/texmf-dist/tex/latex/koma-script/scrlogo.sty
Package: scrlogo 2025/09/09 v3.48 KOMA-Script package (logo)
))) (/Users/autumnwilcox/Library/TinyTeX/texmf-dist/tex/latex/graphics/keyval.sty
Package: keyval 2022/05/29 v1.15 key=value parser (DPC)
\KV@toks@=\toks17
)
Applying: [2021/05/01] Usage of raw or classic option list on input line 254.
Already applied: [0000/00/00] Usage of raw or classic option list on input line 370.
)) (/Users/autumnwilcox/Library/TinyTeX/texmf-dist/tex/latex/koma-script/tocbasic.sty
Package: tocbasic 2025/09/09 v3.48 KOMA-Script package (handling toc-files)
\scr@dte@tocline@numberwidth=\skip49
\scr@dte@tocline@numbox=\box53
)
Package tocbasic Info: omitting babel extension for `toc'
(tocbasic)             because of feature `nobabel' available
(tocbasic)             for `toc' on input line 141.
Class scrartcl Info: File `scrsize11pt.clo' used instead of
(scrartcl)           file `scrsize11.clo' to setup font sizes on input line 2486.
 (/Users/autumnwilcox/Library/TinyTeX/texmf-dist/tex/latex/koma-script/scrsize11pt.clo
File: scrsize11pt.clo 2025/09/09 v3.48 KOMA-Script font size class option (11pt)
) (/Users/autumnwilcox/Library/TinyTeX/texmf-dist/tex/latex/koma-script/typearea.sty
Package: typearea 2025/09/09 v3.48 KOMA-Script package (type area)
\ta@bcor=\skip50
\ta@div=\count275
Package typearea Info: You've used standard option `letterpaper'.
(typearea)             This is correct!
(typearea)             Internally I'm using `paper=letter'.
(typearea)             If you'd like to set the option with \KOMAoptions,
(typearea)             you'd have to use `paper=letter' there
(typearea)             instead of `letterpaper', too.
\ta@hblk=\skip51
\ta@vblk=\skip52
\ta@temp=\skip53
\footheight=\skip54
Package typearea Info: These are the values describing the layout:
(typearea)             DIV  = 11
(typearea)             BCOR = 0.0pt
(typearea)             \paperwidth      = 614.295pt
(typearea)              \textwidth      = 446.76004pt
(typearea)              DIV departure   = -14%
(typearea)              \evensidemargin = 11.49748pt
(typearea)              \oddsidemargin  = 11.49748pt
(typearea)             \paperheight     = 794.96999pt
(typearea)              \textheight     = 582.20026pt
(typearea)              \topmargin      = -37.40001pt
(typearea)              \headheight     = 17.0pt
(typearea)              \headsep        = 20.40001pt
(typearea)              \topskip        = 11.0pt
(typearea)              \footskip       = 47.6pt
(typearea)              \baselineskip   = 13.6pt
(typearea)              on input line 1807.
)
\c@part=\count276
\c@section=\count277
\c@subsection=\count278
\c@subsubsection=\count279
\c@paragraph=\count280
\c@subparagraph=\count281
\scr@dte@section@maxnumwidth=\skip55
Class scrartcl Info: using compatibility default `runin=bysign'
(scrartcl)           for `\section on input line 5161.
Class scrartcl Info: using compatibility default `afterindent=bysign'
(scrartcl)           for `\section on input line 5161.
\scr@dte@part@maxnumwidth=\skip56
Class scrartcl Info: using compatibility default `afterindent=false'
(scrartcl)           for `\part on input line 5169.
\scr@dte@subsection@maxnumwidth=\skip57
Class scrartcl Info: using compatibility default `runin=bysign'
(scrartcl)           for `\subsection on input line 5179.
Class scrartcl Info: using compatibility default `afterindent=bysign'
(scrartcl)           for `\subsection on input line 5179.
\scr@dte@subsubsection@maxnumwidth=\skip58
Class scrartcl Info: using compatibility default `runin=bysign'
(scrartcl)           for `\subsubsection on input line 5189.
Class scrartcl Info: using compatibility default `afterindent=bysign'
(scrartcl)           for `\subsubsection on input line 5189.
\scr@dte@paragraph@maxnumwidth=\skip59
Class scrartcl Info: using compatibility default `runin=bysign'
(scrartcl)           for `\paragraph on input line 5200.
Class scrartcl Info: using compatibility default `afterindent=bysign'
(scrartcl)           for `\paragraph on input line 5200.
\scr@dte@subparagraph@maxnumwidth=\skip60
Class scrartcl Info: using compatibility default `runin=bysign'
(scrartcl)           for `\subparagraph on input line 5210.
Class scrartcl Info: using compatibility default `afterindent=bysign'
(scrartcl)           for `\subparagraph on input line 5210.
\abovecaptionskip=\skip61
\belowcaptionskip=\skip62
\c@pti@nb@sid@b@x=\box54
Package tocbasic Info: omitting babel extension for `lof'
(tocbasic)             because of feature `nobabel' available
(tocbasic)             for `lof' on input line 6410.
\scr@dte@figure@maxnumwidth=\skip63
\c@figure=\count282
Package tocbasic Info: omitting babel extension for `lot'
(tocbasic)             because of feature `nobabel' available
(tocbasic)             for `lot' on input line 6422.
\scr@dte@table@maxnumwidth=\skip64
\c@table=\count283
Class scrartcl Info: Redefining `\numberline' on input line 6592.
\bibindent=\dimen148
) (/Users/autumnwilcox/Library/TinyTeX/texmf-dist/tex/latex/xcolor/xcolor.sty
Package: xcolor 2024/09/29 v3.02 LaTeX color extensions (UK)
 (/Users/autumnwilcox/Library/TinyTeX/texmf-dist/tex/latex/graphics-cfg/color.cfg
File: color.cfg 2016/01/02 v1.6 sample color configuration
)
Package xcolor Info: Driver file: pdftex.def on input line 274.
 (/Users/autumnwilcox/Library/TinyTeX/texmf-dist/tex/latex/graphics-def/pdftex.def
File: pdftex.def 2025/09/29 v1.2d Graphics/color driver for pdftex
) (/Users/autumnwilcox/Library/TinyTeX/texmf-dist/tex/latex/graphics/mathcolor.ltx)
Package xcolor Info: Model `cmy' substituted by `cmy0' on input line 1349.
Package xcolor Info: Model `hsb' substituted by `rgb' on input line 1353.
Package xcolor Info: Model `RGB' extended on input line 1365.
Package xcolor Info: Model `HTML' substituted by `rgb' on input line 1367.
Package xcolor Info: Model `Hsb' substituted by `hsb' on input line 1368.
Package xcolor Info: Model `tHsb' substituted by `hsb' on input line 1369.
Package xcolor Info: Model `HSB' substituted by `hsb' on input line 1370.
Package xcolor Info: Model `Gray' substituted by `gray' on input line 1371.
Package xcolor Info: Model `wave' substituted by `hsb' on input line 1372.
) (/Users/autumnwilcox/Library/TinyTeX/texmf-dist/tex/latex/graphics/dvipsnam.def
File: dvipsnam.def 2016/06/17 v3.0m Driver-dependent file (DPC,SPQR)
) (/Users/autumnwilcox/Library/TinyTeX/texmf-dist/tex/latex/xcolor/svgnam.def
File: svgnam.def 2024/09/29 v3.02 Predefined colors according to SVG 1.1 (UK)
) (/Users/autumnwilcox/Library/TinyTeX/texmf-dist/tex/latex/xcolor/x11nam.def
File: x11nam.def 2024/09/29 v3.02 Predefined colors according to Unix/X11 (UK)
) (/Users/autumnwilcox/Library/TinyTeX/texmf-dist/tex/latex/geometry/geometry.sty
Package: geometry 2020/01/02 v5.9 Page Geometry
 (/Users/autumnwilcox/Library/TinyTeX/texmf-dist/tex/generic/iftex/ifvtex.sty
Package: ifvtex 2019/10/25 v1.7 ifvtex legacy package. Use iftex instead.
 (/Users/autumnwilcox/Library/TinyTeX/texmf-dist/tex/generic/iftex/iftex.sty
Package: iftex 2024/12/12 v1.0g TeX engine tests
))
\Gm@cnth=\count284
\Gm@cntv=\count285
\c@Gm@tempcnt=\count286
\Gm@bindingoffset=\dimen149
\Gm@wd@mp=\dimen150
\Gm@odd@mp=\dimen151
\Gm@even@mp=\dimen152
\Gm@layoutwidth=\dimen153
\Gm@layoutheight=\dimen154
\Gm@layouthoffset=\dimen155
\Gm@layoutvoffset=\dimen156
\Gm@dimlist=\toks18
) (/Users/autumnwilcox/Library/TinyTeX/texmf-dist/tex/latex/amsmath/amsmath.sty
Package: amsmath 2025/07/09 v2.17z AMS math features
\@mathmargin=\skip65

For additional information on amsmath, use the `?' option.
(/Users/autumnwilcox/Library/TinyTeX/texmf-dist/tex/latex/amsmath/amstext.sty
Package: amstext 2024/11/17 v2.01 AMS text
 (/Users/autumnwilcox/Library/TinyTeX/texmf-dist/tex/latex/amsmath/amsgen.sty
File: amsgen.sty 1999/11/30 v2.0 generic functions
\@emptytoks=\toks19
\ex@=\dimen157
)) (/Users/autumnwilcox/Library/TinyTeX/texmf-dist/tex/latex/amsmath/amsbsy.sty
Package: amsbsy 1999/11/29 v1.2d Bold Symbols
\pmbraise@=\dimen158
) (/Users/autumnwilcox/Library/TinyTeX/texmf-dist/tex/latex/amsmath/amsopn.sty
Package: amsopn 2022/04/08 v2.04 operator names
)
\inf@bad=\count287
LaTeX Info: Redefining \frac on input line 233.
\uproot@=\count288
\leftroot@=\count289
LaTeX Info: Redefining \overline on input line 398.
LaTeX Info: Redefining \colon on input line 409.
\classnum@=\count290
\DOTSCASE@=\count291
LaTeX Info: Redefining \ldots on input line 495.
LaTeX Info: Redefining \dots on input line 498.
LaTeX Info: Redefining \cdots on input line 619.
\Mathstrutbox@=\box55
\strutbox@=\box56
LaTeX Info: Redefining \big on input line 721.
LaTeX Info: Redefining \Big on input line 722.
LaTeX Info: Redefining \bigg on input line 723.
LaTeX Info: Redefining \Bigg on input line 724.
\big@size=\dimen159
LaTeX Font Info:    Redeclaring font encoding OML on input line 742.
LaTeX Font Info:    Redeclaring font encoding OMS on input line 743.
\macc@depth=\count292
LaTeX Info: Redefining \bmod on input line 904.
LaTeX Info: Redefining \pmod on input line 909.
LaTeX Info: Redefining \smash on input line 939.
LaTeX Info: Redefining \relbar on input line 969.
LaTeX Info: Redefining \Relbar on input line 970.
\c@MaxMatrixCols=\count293
\dotsspace@=\muskip17
\c@parentequation=\count294
\dspbrk@lvl=\count295
\tag@help=\toks20
\row@=\count296
\column@=\count297
\maxfields@=\count298
\andhelp@=\toks21
\eqnshift@=\dimen160
\alignsep@=\dimen161
\tagshift@=\dimen162
\tagwidth@=\dimen163
\totwidth@=\dimen164
\lineht@=\dimen165
\@envbody=\toks22
\multlinegap=\skip66
\multlinetaggap=\skip67
\mathdisplay@stack=\toks23
LaTeX Info: Redefining \[ on input line 2950.
LaTeX Info: Redefining \] on input line 2951.
) (/Users/autumnwilcox/Library/TinyTeX/texmf-dist/tex/latex/amsfonts/amssymb.sty
Package: amssymb 2013/01/14 v3.01 AMS font symbols
 (/Users/autumnwilcox/Library/TinyTeX/texmf-dist/tex/latex/amsfonts/amsfonts.sty
Package: amsfonts 2013/01/14 v3.01 Basic AMSFonts support
\symAMSa=\mathgroup4
\symAMSb=\mathgroup5
LaTeX Font Info:    Redeclaring math symbol \hbar on input line 98.
LaTeX Font Info:    Overwriting math alphabet `\mathfrak' in version `bold'
(Font)                  U/euf/m/n --> U/euf/b/n on input line 106.
)) (/Users/autumnwilcox/Library/TinyTeX/texmf-dist/tex/latex/base/fontenc.sty
Package: fontenc 2025/07/18 v2.1d Standard LaTeX package
) (/Users/autumnwilcox/Library/TinyTeX/texmf-dist/tex/latex/base/inputenc.sty
Package: inputenc 2024/02/08 v1.3d Input encoding file
\inpenc@prehook=\toks24
\inpenc@posthook=\toks25
) (/Users/autumnwilcox/Library/TinyTeX/texmf-dist/tex/latex/base/textcomp.sty
Package: textcomp 2024/04/24 v2.1b Standard LaTeX package
) (/Users/autumnwilcox/Library/TinyTeX/texmf-dist/tex/latex/lm/lmodern.sty
Package: lmodern 2015/05/01 v1.6.1 Latin Modern Fonts
LaTeX Font Info:    Overwriting symbol font `operators' in version `normal'
(Font)                  OT1/cmr/m/n --> OT1/lmr/m/n on input line 22.
LaTeX Font Info:    Overwriting symbol font `letters' in version `normal'
(Font)                  OML/cmm/m/it --> OML/lmm/m/it on input line 23.
LaTeX Font Info:    Overwriting symbol font `symbols' in version `normal'
(Font)                  OMS/cmsy/m/n --> OMS/lmsy/m/n on input line 24.
LaTeX Font Info:    Overwriting symbol font `largesymbols' in version `normal'
(Font)                  OMX/cmex/m/n --> OMX/lmex/m/n on input line 25.
LaTeX Font Info:    Overwriting symbol font `operators' in version `bold'
(Font)                  OT1/cmr/bx/n --> OT1/lmr/bx/n on input line 26.
LaTeX Font Info:    Overwriting symbol font `letters' in version `bold'
(Font)                  OML/cmm/b/it --> OML/lmm/b/it on input line 27.
LaTeX Font Info:    Overwriting symbol font `symbols' in version `bold'
(Font)                  OMS/cmsy/b/n --> OMS/lmsy/b/n on input line 28.
LaTeX Font Info:    Overwriting symbol font `largesymbols' in version `bold'
(Font)                  OMX/cmex/m/n --> OMX/lmex/m/n on input line 29.
LaTeX Font Info:    Overwriting math alphabet `\mathbf' in version `normal'
(Font)                  OT1/cmr/bx/n --> OT1/lmr/bx/n on input line 31.
LaTeX Font Info:    Overwriting math alphabet `\mathsf' in version `normal'
(Font)                  OT1/cmss/m/n --> OT1/lmss/m/n on input line 32.
LaTeX Font Info:    Overwriting math alphabet `\mathit' in version `normal'
(Font)                  OT1/cmr/m/it --> OT1/lmr/m/it on input line 33.
LaTeX Font Info:    Overwriting math alphabet `\mathtt' in version `normal'
(Font)                  OT1/cmtt/m/n --> OT1/lmtt/m/n on input line 34.
LaTeX Font Info:    Overwriting math alphabet `\mathbf' in version `bold'
(Font)                  OT1/cmr/bx/n --> OT1/lmr/bx/n on input line 35.
LaTeX Font Info:    Overwriting math alphabet `\mathsf' in version `bold'
(Font)                  OT1/cmss/bx/n --> OT1/lmss/bx/n on input line 36.
LaTeX Font Info:    Overwriting math alphabet `\mathit' in version `bold'
(Font)                  OT1/cmr/bx/it --> OT1/lmr/bx/it on input line 37.
LaTeX Font Info:    Overwriting math alphabet `\mathtt' in version `bold'
(Font)                  OT1/cmtt/m/n --> OT1/lmtt/m/n on input line 38.
) (/Users/autumnwilcox/Library/TinyTeX/texmf-dist/tex/latex/upquote/upquote.sty
Package: upquote 2012/04/19 v1.3 upright-quote and grave-accent glyphs in verbatim
) (/Users/autumnwilcox/Library/TinyTeX/texmf-dist/tex/latex/microtype/microtype.sty
Package: microtype 2025/07/09 v3.2b Micro-typographical refinements (RS)
 (/Users/autumnwilcox/Library/TinyTeX/texmf-dist/tex/latex/etoolbox/etoolbox.sty
Package: etoolbox 2025/10/02 v2.5m e-TeX tools for LaTeX (JAW)
\etb@tempcnta=\count299
)
\MT@toks=\toks26
\MT@tempbox=\box57
\MT@count=\count300
LaTeX Info: Redefining \noprotrusionifhmode on input line 1087.
LaTeX Info: Redefining \leftprotrusion on input line 1088.
\MT@prot@toks=\toks27
LaTeX Info: Redefining \rightprotrusion on input line 1107.
LaTeX Info: Redefining \textls on input line 1449.
\MT@outer@kern=\dimen166
LaTeX Info: Redefining \microtypecontext on input line 2053.
LaTeX Info: Redefining \textmicrotypecontext on input line 2070.
\MT@listname@count=\count301
 (/Users/autumnwilcox/Library/TinyTeX/texmf-dist/tex/latex/microtype/microtype-pdftex.def
File: microtype-pdftex.def 2025/07/09 v3.2b Definitions specific to pdftex (RS)
LaTeX Info: Redefining \lsstyle on input line 944.
LaTeX Info: Redefining \lslig on input line 944.
\MT@outer@space=\skip68
)
Package microtype Info: Loading configuration file microtype.cfg.
 (/Users/autumnwilcox/Library/TinyTeX/texmf-dist/tex/latex/microtype/microtype.cfg
File: microtype.cfg 2025/07/09 v3.2b microtype main configuration file (RS)
)
LaTeX Info: Redefining \microtypesetup on input line 3065.
) (/Users/autumnwilcox/Library/TinyTeX/texmf-dist/tex/latex/fancyvrb/fancyvrb.sty
Package: fancyvrb 2025/07/28 4.6 verbatim text (tvz,hv)
\FV@CodeLineNo=\count302
\FV@InFile=\read2
\FV@TabBox=\box58
\c@FancyVerbLine=\count303
\FV@StepNumber=\count304
\FV@OutFile=\write3
) (/Users/autumnwilcox/Library/TinyTeX/texmf-dist/tex/latex/framed/framed.sty
Package: framed 2011/10/22 v 0.96: framed or shaded text with page breaks
\OuterFrameSep=\skip69
\fb@frw=\dimen167
\fb@frh=\dimen168
\FrameRule=\dimen169
\FrameSep=\dimen170
) (/Users/autumnwilcox/Library/TinyTeX/texmf-dist/tex/latex/tools/longtable.sty
Package: longtable 2025-10-13 v4.24 Multi-page Table package (DPC)
\LTleft=\skip70
\LTright=\skip71
\LTpre=\skip72
\LTpost=\skip73
\LTchunksize=\count305
\LTcapwidth=\dimen171
\LT@head=\box59
\LT@firsthead=\box60
\LT@foot=\box61
\LT@lastfoot=\box62
\LT@gbox=\box63
\LT@cols=\count306
\LT@rows=\count307
\c@LT@tables=\count308
\c@LT@chunks=\count309
\LT@p@ftn=\toks28
)
Class scrartcl Info: longtable captions redefined on input line 111.
 (/Users/autumnwilcox/Library/TinyTeX/texmf-dist/tex/latex/booktabs/booktabs.sty
Package: booktabs 2020/01/12 v1.61803398 Publication quality tables
\heavyrulewidth=\dimen172
\lightrulewidth=\dimen173
\cmidrulewidth=\dimen174
\belowrulesep=\dimen175
\belowbottomsep=\dimen176
\aboverulesep=\dimen177
\abovetopsep=\dimen178
\cmidrulesep=\dimen179
\cmidrulekern=\dimen180
\defaultaddspace=\dimen181
\@cmidla=\count310
\@cmidlb=\count311
\@aboverulesep=\dimen182
\@belowrulesep=\dimen183
\@thisruleclass=\count312
\@lastruleclass=\count313
\@thisrulewidth=\dimen184
) (/Users/autumnwilcox/Library/TinyTeX/texmf-dist/tex/latex/tools/array.sty
Package: array 2025/09/25 v2.6n Tabular extension package (FMi)
\col@sep=\dimen185
\ar@mcellbox=\box64
\extrarowheight=\dimen186
\NC@list=\toks29
\extratabsurround=\skip74
\backup@length=\skip75
\ar@cellbox=\box65
) (/Users/autumnwilcox/Library/TinyTeX/texmf-dist/tex/latex/tools/calc.sty
Package: calc 2025/03/01 v4.3b Infix arithmetic (KKT,FJ)
\calc@Acount=\count314
\calc@Bcount=\count315
\calc@Adimen=\dimen187
\calc@Bdimen=\dimen188
\calc@Askip=\skip76
\calc@Bskip=\skip77
LaTeX Info: Redefining \setlength on input line 86.
LaTeX Info: Redefining \addtolength on input line 87.
\calc@Ccount=\count316
\calc@Cskip=\skip78
) (/Users/autumnwilcox/Library/TinyTeX/texmf-dist/tex/latex/mdwtools/footnote.sty
Package: footnote 1997/01/28 1.13 Save footnotes around boxes
\fn@notes=\box66
\fn@width=\dimen189
) (/Users/autumnwilcox/Library/TinyTeX/texmf-dist/tex/latex/graphics/graphicx.sty
Package: graphicx 2024/12/31 v1.2e Enhanced LaTeX Graphics (DPC,SPQR)
 (/Users/autumnwilcox/Library/TinyTeX/texmf-dist/tex/latex/graphics/graphics.sty
Package: graphics 2024/08/06 v1.4g Standard LaTeX Graphics (DPC,SPQR)
 (/Users/autumnwilcox/Library/TinyTeX/texmf-dist/tex/latex/graphics/trig.sty
Package: trig 2023/12/02 v1.11 sin cos tan (DPC)
) (/Users/autumnwilcox/Library/TinyTeX/texmf-dist/tex/latex/graphics-cfg/graphics.cfg
File: graphics.cfg 2016/06/04 v1.11 sample graphics configuration
)
Package graphics Info: Driver file: pdftex.def on input line 106.
)
\Gin@req@height=\dimen190
\Gin@req@width=\dimen191
)
\pandoc@box=\box67
\cslhangindent=\skip79
\csllabelwidth=\skip80
 (/Users/autumnwilcox/Library/TinyTeX/texmf-dist/tex/latex/multirow/multirow.sty
Package: multirow 2024/11/12 v2.9 Span multiple rows of a table
\multirow@colwidth=\skip81
\multirow@cntb=\count317
\multirow@dima=\skip82
\bigstrutjot=\dimen192
) (/Users/autumnwilcox/Library/TinyTeX/texmf-dist/tex/latex/wrapfig/wrapfig.sty
\wrapoverhang=\dimen193
\WF@size=\dimen194
\c@WF@wrappedlines=\count318
\WF@box=\box68
\WF@everypar=\toks30
Package: wrapfig 2003/01/31  v 3.6
) (/Users/autumnwilcox/Library/TinyTeX/texmf-dist/tex/latex/float/float.sty
Package: float 2001/11/08 v1.3d Float enhancements (AL)
\c@float@type=\count319
\float@exts=\toks31
\float@box=\box69
\@float@everytoks=\toks32
\@floatcapt=\box70
) (/Users/autumnwilcox/Library/TinyTeX/texmf-dist/tex/latex/colortbl/colortbl.sty
Package: colortbl 2024/10/29 v1.0k Color table columns (DPC)
\everycr=\toks33
\minrowclearance=\skip83
\rownum=\count320
) (/Users/autumnwilcox/Library/TinyTeX/texmf-dist/tex/latex/pdflscape/pdflscape.sty
Package: pdflscape 2025-06-23 v0.14 Display of landscape pages in PDF
 (/Users/autumnwilcox/Library/TinyTeX/texmf-dist/tex/latex/pdflscape/pdflscape-nometadata.sty
Package: pdflscape-nometadata 2025-06-23 v0.14 Display of landscape pages in PDF (HO)
 (/Users/autumnwilcox/Library/TinyTeX/texmf-dist/tex/latex/graphics/lscape.sty
Package: lscape 2020/05/28 v3.02 Landscape Pages (DPC)
)
Package pdflscape Info: Auto-detected driver: pdftex on input line 81.
)) (/Users/autumnwilcox/Library/TinyTeX/texmf-dist/tex/latex/tabu/tabu.sty
Package: tabu 2019/01/11 v2.9 - flexible LaTeX tabulars (FC+tabu-fixed)
 (/Users/autumnwilcox/Library/TinyTeX/texmf-dist/tex/latex/varwidth/varwidth.sty
Package: varwidth 2009/03/30 ver 0.92;  Variable-width minipages
\@vwid@box=\box71
\sift@deathcycles=\count321
\@vwid@loff=\dimen195
\@vwid@roff=\dimen196
)
==> First Aid for varwidth.sty applied!
\c@taburow=\count322
\tabu@nbcols=\count323
\tabu@cnt=\count324
\tabu@Xcol=\count325
\tabu@alloc=\count326
\tabu@nested=\count327
\tabu@target=\dimen197
\tabu@spreadtarget=\dimen198
\tabu@naturalX=\dimen199
\tabucolX=\dimen256
\tabu@Xsum=\dimen257
\extrarowdepth=\dimen258
\abovetabulinesep=\dimen259
\belowtabulinesep=\dimen260
\tabustrutrule=\dimen261
\tabu@thebody=\toks34
\tabu@footnotes=\toks35
\tabu@box=\box72
\tabu@arstrutbox=\box73
\tabu@hleads=\box74
\tabu@vleads=\box75
\tabu@cellskip=\skip84
) (/Users/autumnwilcox/Library/TinyTeX/texmf-dist/tex/latex/threeparttable/threeparttable.sty
Package: threeparttable 2003/06/13  v 3.0
\@tempboxb=\box76
) (/Users/autumnwilcox/Library/TinyTeX/texmf-dist/tex/latex/threeparttablex/threeparttablex.sty
Package: threeparttablex 2013/07/23 v0.3 by daleif
 (/Users/autumnwilcox/Library/TinyTeX/texmf-dist/tex/latex/environ/environ.sty
Package: environ 2014/05/04 v0.3 A new way to define environments
 (/Users/autumnwilcox/Library/TinyTeX/texmf-dist/tex/latex/trimspaces/trimspaces.sty
Package: trimspaces 2009/09/17 v1.1 Trim spaces around a token list
))
\TPTL@width=\skip85
) (/Users/autumnwilcox/Library/TinyTeX/texmf-dist/tex/generic/ulem/ulem.sty
\UL@box=\box77
\UL@hyphenbox=\box78
\UL@skip=\skip86
\UL@hook=\toks36
\UL@height=\dimen262
\UL@pe=\count328
\UL@pixel=\dimen263
\ULC@box=\box79
Package: ulem 2019/11/18
\ULdepth=\dimen264
) (/Users/autumnwilcox/Library/TinyTeX/texmf-dist/tex/latex/makecell/makecell.sty
Package: makecell 2009/08/03 V0.1e Managing of Tab Column Heads and Cells
\rotheadsize=\dimen265
\c@nlinenum=\count329
\TeXr@lab=\toks37
) (/Users/autumnwilcox/Library/TinyTeX/texmf-dist/tex/latex/caption/caption.sty
Package: caption 2023/08/05 v3.6o Customizing captions (AR)
 (/Users/autumnwilcox/Library/TinyTeX/texmf-dist/tex/latex/caption/caption3.sty
Package: caption3 2023/07/31 v2.4d caption3 kernel (AR)
\caption@tempdima=\dimen266
\captionmargin=\dimen267
\caption@leftmargin=\dimen268
\caption@rightmargin=\dimen269
\caption@width=\dimen270
\caption@indent=\dimen271
\caption@parindent=\dimen272
\caption@hangindent=\dimen273
Package caption Info: Unknown document class (or package),
(caption)             standard defaults will be used.
Package caption Info: \@makecaption = \long macro:#1#2->\@abovecaptionbreak \vskip \abovecaptionskip \@abovecaptionbreak \@@makecaption \@firstofone {#1}{#2}\@belowcaptionbreak \vskip \belowcaptionskip \@belowcaptionbreak  on input line 1175.
)

Package caption Warning: Unknown document class (or package),
(caption)                standard defaults will be used.
See the caption package documentation for explanation.

\c@caption@flags=\count330
\c@continuedfloat=\count331
Package caption Info: float package is loaded.
Package caption Info: longtable package is loaded.
(/Users/autumnwilcox/Library/TinyTeX/texmf-dist/tex/latex/caption/ltcaption.sty
Package: ltcaption 2021/01/08 v1.4c longtable captions (AR)
)
Package caption Info: threeparttable package is loaded.
Package caption Info: wrapfig package is loaded.
)
\@float@every@codelisting=\toks38
\c@codelisting=\count332
 (/Users/autumnwilcox/Library/TinyTeX/texmf-dist/tex/latex/caption/subcaption.sty
Package: subcaption 2023/07/28 v1.6b Sub-captions (AR)
Package caption Info: New subtype `subfigure' on input line 238.
\c@subfigure=\count333
Package caption Info: New subtype `subtable' on input line 238.
\c@subtable=\count334
) (/Users/autumnwilcox/Library/TinyTeX/texmf-dist/tex/latex/bookmark/bookmark.sty
Package: bookmark 2023-12-10 v1.31 PDF bookmarks (HO)
 (/Users/autumnwilcox/Library/TinyTeX/texmf-dist/tex/latex/hyperref/hyperref.sty
Package: hyperref 2025-07-12 v7.01o Hypertext links for LaTeX
 (/Users/autumnwilcox/Library/TinyTeX/texmf-dist/tex/latex/kvsetkeys/kvsetkeys.sty
Package: kvsetkeys 2022-10-05 v1.19 Key value parser (HO)
) (/Users/autumnwilcox/Library/TinyTeX/texmf-dist/tex/generic/kvdefinekeys/kvdefinekeys.sty
Package: kvdefinekeys 2019-12-19 v1.6 Define keys (HO)
) (/Users/autumnwilcox/Library/TinyTeX/texmf-dist/tex/generic/pdfescape/pdfescape.sty
Package: pdfescape 2019/12/09 v1.15 Implements pdfTeX's escape features (HO)
 (/Users/autumnwilcox/Library/TinyTeX/texmf-dist/tex/generic/ltxcmds/ltxcmds.sty
Package: ltxcmds 2023-12-04 v1.26 LaTeX kernel commands for general use (HO)
) (/Users/autumnwilcox/Library/TinyTeX/texmf-dist/tex/generic/pdftexcmds/pdftexcmds.sty
Package: pdftexcmds 2020-06-27 v0.33 Utility functions of pdfTeX for LuaTeX (HO)
 (/Users/autumnwilcox/Library/TinyTeX/texmf-dist/tex/generic/infwarerr/infwarerr.sty
Package: infwarerr 2019/12/03 v1.5 Providing info/warning/error messages (HO)
)
Package pdftexcmds Info: \pdf@primitive is available.
Package pdftexcmds Info: \pdf@ifprimitive is available.
Package pdftexcmds Info: \pdfdraftmode found.
)) (/Users/autumnwilcox/Library/TinyTeX/texmf-dist/tex/latex/hycolor/hycolor.sty
Package: hycolor 2020-01-27 v1.10 Color options for hyperref/bookmark (HO)
) (/Users/autumnwilcox/Library/TinyTeX/texmf-dist/tex/latex/hyperref/nameref.sty
Package: nameref 2025-06-21 v2.57 Cross-referencing by name of section
 (/Users/autumnwilcox/Library/TinyTeX/texmf-dist/tex/latex/refcount/refcount.sty
Package: refcount 2019/12/15 v3.6 Data extraction from label references (HO)
) (/Users/autumnwilcox/Library/TinyTeX/texmf-dist/tex/generic/gettitlestring/gettitlestring.sty
Package: gettitlestring 2019/12/15 v1.6 Cleanup title references (HO)
 (/Users/autumnwilcox/Library/TinyTeX/texmf-dist/tex/latex/kvoptions/kvoptions.sty
Package: kvoptions 2022-06-15 v3.15 Key value format for package options (HO)
))
\c@section@level=\count335
) (/Users/autumnwilcox/Library/TinyTeX/texmf-dist/tex/generic/stringenc/stringenc.sty
Package: stringenc 2019/11/29 v1.12 Convert strings between diff. encodings (HO)
)
\@linkdim=\dimen274
\Hy@linkcounter=\count336
\Hy@pagecounter=\count337
 (/Users/autumnwilcox/Library/TinyTeX/texmf-dist/tex/latex/hyperref/pd1enc.def
File: pd1enc.def 2025-07-12 v7.01o Hyperref: PDFDocEncoding definition (HO)
Now handling font encoding PD1 ...
... no UTF-8 mapping file for font encoding PD1
) (/Users/autumnwilcox/Library/TinyTeX/texmf-dist/tex/generic/intcalc/intcalc.sty
Package: intcalc 2019/12/15 v1.3 Expandable calculations with integers (HO)
)
\Hy@SavedSpaceFactor=\count338
 (/Users/autumnwilcox/Library/TinyTeX/texmf-dist/tex/latex/hyperref/puenc.def
File: puenc.def 2025-07-12 v7.01o Hyperref: PDF Unicode definition (HO)
Now handling font encoding PU ...
... no UTF-8 mapping file for font encoding PU
)
Package hyperref Info: Option `unicode' set `true' on input line 4066.
Package hyperref Info: Hyper figures OFF on input line 4195.
Package hyperref Info: Link nesting OFF on input line 4200.
Package hyperref Info: Hyper index ON on input line 4203.
Package hyperref Info: Plain pages OFF on input line 4210.
Package hyperref Info: Backreferencing OFF on input line 4215.
Package hyperref Info: Implicit mode ON; LaTeX internals redefined.
Package hyperref Info: Bookmarks ON on input line 4462.
\c@Hy@tempcnt=\count339
 (/Users/autumnwilcox/Library/TinyTeX/texmf-dist/tex/latex/url/url.sty
\Urlmuskip=\muskip18
Package: url 2013/09/16  ver 3.4  Verb mode for urls, etc.
)
LaTeX Info: Redefining \url on input line 4801.
\XeTeXLinkMargin=\dimen275
 (/Users/autumnwilcox/Library/TinyTeX/texmf-dist/tex/generic/bitset/bitset.sty
Package: bitset 2019/12/09 v1.3 Handle bit-vector datatype (HO)
 (/Users/autumnwilcox/Library/TinyTeX/texmf-dist/tex/generic/bigintcalc/bigintcalc.sty
Package: bigintcalc 2019/12/15 v1.5 Expandable calculations on big integers (HO)
))
\Fld@menulength=\count340
\Field@Width=\dimen276
\Fld@charsize=\dimen277
Package hyperref Info: Hyper figures OFF on input line 6078.
Package hyperref Info: Link nesting OFF on input line 6083.
Package hyperref Info: Hyper index ON on input line 6086.
Package hyperref Info: backreferencing OFF on input line 6093.
Package hyperref Info: Link coloring OFF on input line 6098.
Package hyperref Info: Link coloring with OCG OFF on input line 6103.
Package hyperref Info: PDF/A mode OFF on input line 6108.
\Hy@abspage=\count341
\c@Item=\count342
\c@Hfootnote=\count343
)
Package hyperref Info: Driver (autodetected): hpdftex.
 (/Users/autumnwilcox/Library/TinyTeX/texmf-dist/tex/latex/hyperref/hpdftex.def
File: hpdftex.def 2025-07-12 v7.01o Hyperref driver for pdfTeX
\Fld@listcount=\count344
\c@bookmark@seq@number=\count345
 (/Users/autumnwilcox/Library/TinyTeX/texmf-dist/tex/latex/rerunfilecheck/rerunfilecheck.sty
Package: rerunfilecheck 2025-06-21 v1.11 Rerun checks for auxiliary files (HO)
 (/Users/autumnwilcox/Library/TinyTeX/texmf-dist/tex/generic/uniquecounter/uniquecounter.sty
Package: uniquecounter 2019/12/15 v1.4 Provide unlimited unique counter (HO)
)
Package uniquecounter Info: New unique counter `rerunfilecheck' on input line 284.
)
\Hy@SectionHShift=\skip87
) (/Users/autumnwilcox/Library/TinyTeX/texmf-dist/tex/latex/bookmark/bkm-pdftex.def
File: bkm-pdftex.def 2023-12-10 v1.31 bookmark driver for pdfTeX and luaTeX (HO)
\BKM@id=\count346
))
Package hyperref Info: Option `colorlinks' set `true' on input line 250.
LaTeX Font Info:    Trying to load font information for T1+lmr on input line 265.
 (/Users/autumnwilcox/Library/TinyTeX/texmf-dist/tex/latex/lm/t1lmr.fd
File: t1lmr.fd 2015/05/01 v1.6.1 Font defs for Latin Modern
) (/Users/autumnwilcox/Library/TinyTeX/texmf-dist/tex/latex/l3backend/l3backend-pdftex.def
File: l3backend-pdftex.def 2025-10-09 L3 backend support: PDF output (pdfTeX)
\l__color_backend_stack_int=\count347
) (./index.aux)
\openout1 = `index.aux'.

LaTeX Font Info:    Checking defaults for OML/cmm/m/it on input line 265.
LaTeX Font Info:    ... okay on input line 265.
LaTeX Font Info:    Checking defaults for OMS/cmsy/m/n on input line 265.
LaTeX Font Info:    ... okay on input line 265.
LaTeX Font Info:    Checking defaults for OT1/cmr/m/n on input line 265.
LaTeX Font Info:    ... okay on input line 265.
LaTeX Font Info:    Checking defaults for T1/cmr/m/n on input line 265.
LaTeX Font Info:    ... okay on input line 265.
LaTeX Font Info:    Checking defaults for TS1/cmr/m/n on input line 265.
LaTeX Font Info:    ... okay on input line 265.
LaTeX Font Info:    Checking defaults for OMX/cmex/m/n on input line 265.
LaTeX Font Info:    ... okay on input line 265.
LaTeX Font Info:    Checking defaults for U/cmr/m/n on input line 265.
LaTeX Font Info:    ... okay on input line 265.
LaTeX Font Info:    Checking defaults for PD1/pdf/m/n on input line 265.
LaTeX Font Info:    ... okay on input line 265.
LaTeX Font Info:    Checking defaults for PU/pdf/m/n on input line 265.
LaTeX Font Info:    ... okay on input line 265.
Package scrbase Info: activating english \abstractname on input line 265.
Package scrbase Info: activating english \partname on input line 265.
Package scrbase Info: activating english \figurename on input line 265.
Package scrbase Info: activating english \tablename on input line 265.
Package scrbase Info: activating english \contentsname on input line 265.
Package scrbase Info: activating english \listfigurename on input line 265.
Package scrbase Info: activating english \listtablename on input line 265.
Package scrbase Info: activating english \refname on input line 265.
Package scrbase Info: activating english \indexname on input line 265.
 (/Users/autumnwilcox/Library/TinyTeX/texmf-dist/tex/latex/epstopdf-pkg/epstopdf-base.sty
Package: epstopdf-base 2020-01-24 v2.11 Base part for package epstopdf
Package epstopdf-base Info: Redefining graphics rule for `.eps' on input line 485.
 (/Users/autumnwilcox/Library/TinyTeX/texmf-dist/tex/latex/latexconfig/epstopdf-sys.cfg
File: epstopdf-sys.cfg 2010/07/13 v1.3 Configuration of (r)epstopdf for TeX Live
))
*geometry* driver: auto-detecting
*geometry* detected driver: pdftex
*geometry* verbose mode - [ preamble ] result:
* driver: pdftex
* paper: letterpaper
* layout: <same size as paper>
* layoutoffset:(h,v)=(0.0pt,0.0pt)
* modes: 
* h-part:(L,W,R)=(72.26999pt, 469.75502pt, 72.26999pt)
* v-part:(T,H,B)=(72.26999pt, 650.43001pt, 72.26999pt)
* \paperwidth=614.295pt
* \paperheight=794.96999pt
* \textwidth=469.75502pt
* \textheight=650.43001pt
* \oddsidemargin=0.0pt
* \evensidemargin=0.0pt
* \topmargin=-37.40001pt
* \headheight=17.0pt
* \headsep=20.40001pt
* \topskip=11.0pt
* \footskip=47.6pt
* \marginparwidth=55.84499pt
* \marginparsep=12.8401pt
* \columnsep=10.0pt
* \skip\footins=10.0pt plus 4.0pt minus 2.0pt
* \hoffset=0.0pt
* \voffset=0.0pt
* \mag=1000
* \@twocolumnfalse
* \@twosidefalse
* \@mparswitchfalse
* \@reversemarginfalse
* (1in=72.27pt=25.4mm, 1cm=28.453pt)

Package microtype Info: Patching varwidth to enable character protrusion.
\MT@vwid@leftmargin=\dimen278
\MT@vwid@rightmargin=\dimen279
LaTeX Info: Redefining \microtypecontext on input line 265.
Package microtype Info: Applying patch `item' on input line 265.
Package microtype Info: Applying patch `toc' on input line 265.
Package microtype Info: Applying patch `eqnum' on input line 265.
Package microtype Info: Applying patch `footnote' on input line 265.
Package microtype Info: Applying patch `verbatim' on input line 265.
LaTeX Info: Redefining \microtypesetup on input line 265.
Package microtype Info: Generating PDF output.
Package microtype Info: Character protrusion enabled (level 2).
Package microtype Info: Using protrusion set `basicmath'.
Package microtype Info: Automatic font expansion enabled (level 2),
(microtype)             stretch: 20, shrink: 20, step: 1, non-selected.
Package microtype Info: Using default expansion set `alltext-nott'.
Package microtype Info: Patching command `\showhyphens'.
Package microtype Info: No adjustment of tracking.
Package microtype Info: No adjustment of interword spacing.
Package microtype Info: No adjustment of character kerning.
(/Users/autumnwilcox/Library/TinyTeX/texmf-dist/tex/latex/microtype/mt-cmr.cfg
File: mt-cmr.cfg 2013/05/19 v2.2 microtype config. file: Computer Modern Roman (RS)
)
Package caption Info: Begin \AtBeginDocument code.
Package caption Info: hyperref package is loaded.
Package caption Info: End \AtBeginDocument code.
Package hyperref Info: Link coloring ON on input line 265.
LaTeX Font Info:    Trying to load font information for T1+lmss on input line 267.
 (/Users/autumnwilcox/Library/TinyTeX/texmf-dist/tex/latex/lm/t1lmss.fd
File: t1lmss.fd 2015/05/01 v1.6.1 Font defs for Latin Modern
)
Package microtype Info: Loading generic protrusion settings for font family
(microtype)             `lmss' (encoding: T1).
(microtype)             For optimal results, create family-specific settings.
(microtype)             See the microtype manual for details.
LaTeX Font Info:    Trying to load font information for OT1+lmr on input line 267.
 (/Users/autumnwilcox/Library/TinyTeX/texmf-dist/tex/latex/lm/ot1lmr.fd
File: ot1lmr.fd 2015/05/01 v1.6.1 Font defs for Latin Modern
)
LaTeX Font Info:    Trying to load font information for OML+lmm on input line 267.
 (/Users/autumnwilcox/Library/TinyTeX/texmf-dist/tex/latex/lm/omllmm.fd
File: omllmm.fd 2015/05/01 v1.6.1 Font defs for Latin Modern
)
LaTeX Font Info:    Trying to load font information for OMS+lmsy on input line 267.
 (/Users/autumnwilcox/Library/TinyTeX/texmf-dist/tex/latex/lm/omslmsy.fd
File: omslmsy.fd 2015/05/01 v1.6.1 Font defs for Latin Modern
)
LaTeX Font Info:    Trying to load font information for OMX+lmex on input line 267.
 (/Users/autumnwilcox/Library/TinyTeX/texmf-dist/tex/latex/lm/omxlmex.fd
File: omxlmex.fd 2015/05/01 v1.6.1 Font defs for Latin Modern
)
LaTeX Font Info:    External font `lmex10' loaded for size
(Font)              <14.4> on input line 267.
LaTeX Font Info:    External font `lmex10' loaded for size
(Font)              <10> on input line 267.
LaTeX Font Info:    External font `lmex10' loaded for size
(Font)              <7> on input line 267.
LaTeX Font Info:    Trying to load font information for U+msa on input line 267.
 (/Users/autumnwilcox/Library/TinyTeX/texmf-dist/tex/latex/amsfonts/umsa.fd
File: umsa.fd 2013/01/14 v3.01 AMS symbols A
) (/Users/autumnwilcox/Library/TinyTeX/texmf-dist/tex/latex/microtype/mt-msa.cfg
File: mt-msa.cfg 2006/02/04 v1.1 microtype config. file: AMS symbols (a) (RS)
)
LaTeX Font Info:    Trying to load font information for U+msb on input line 267.
 (/Users/autumnwilcox/Library/TinyTeX/texmf-dist/tex/latex/amsfonts/umsb.fd
File: umsb.fd 2013/01/14 v3.01 AMS symbols B
) (/Users/autumnwilcox/Library/TinyTeX/texmf-dist/tex/latex/microtype/mt-msb.cfg
File: mt-msb.cfg 2005/06/01 v1.0 microtype config. file: AMS symbols (b) (RS)
)
Package tocbasic Info: character protrusion at toc deactivated on input line 272.
 (./index.toc)
\tf@toc=\write4
\openout4 = `index.toc'.

LaTeX Font Info:    External font `lmex10' loaded for size
(Font)              <10.95> on input line 275.
LaTeX Font Info:    External font `lmex10' loaded for size
(Font)              <8> on input line 275.
LaTeX Font Info:    External font `lmex10' loaded for size
(Font)              <6> on input line 275.
LaTeX Font Info:    Trying to load font information for T1+lmtt on input line 275.
 (/Users/autumnwilcox/Library/TinyTeX/texmf-dist/tex/latex/lm/t1lmtt.fd
File: t1lmtt.fd 2015/05/01 v1.6.1 Font defs for Latin Modern
)

LaTeX Warning: Citation `ref-zeger2020' on page 1 undefined on input line 293.


LaTeX Warning: Citation `ref-baldwin2017' on page 1 undefined on input line 299.


LaTeX Warning: Citation `ref-kruschke2017' on page 1 undefined on input line 300.


LaTeX Warning: Citation `ref-chatzimichail2023' on page 1 undefined on input line 305.


LaTeX Warning: Citation `ref-liu2013' on page 1 undefined on input line 307.


LaTeX Warning: Citation `ref-abdullah2022bdlhealth' on page 1 undefined on input line 309.


LaTeX Warning: Citation `ref-austin2021' on page 1 undefined on input line 312.


LaTeX Warning: Citation `ref-gelman2008' on page 1 undefined on input line 317.


LaTeX Warning: Citation `ref-vandeschoot2021' on page 1 undefined on input line 318.


LaTeX Warning: Citation `ref-klauenberg2015' on page 1 undefined on input line 321.


LaTeX Warning: Citation `ref-richardson2018bnr' on page 1 undefined on input line 326.


LaTeX Warning: Citation `ref-luo2024bartvs' on page 1 undefined on input line 328.


LaTeX Warning: Citation `ref-momeni2021covidbayes' on page 1 undefined on input line 330.


LaTeX Warning: Citation `ref-hoeting1999bma' on page 1 undefined on input line 333.

[1


{/Users/autumnwilcox/Library/TinyTeX/texmf-var/fonts/map/pdftex/updmap/pdftex.map}{/Users/autumnwilcox/Library/TinyTeX/texmf-dist/fonts/enc/dvips/lm/lm-ec.enc}{/Users/autumnwilcox/Library/TinyTeX/texmf-dist/fonts/enc/dvips/lm/lm-mathit.enc}{/Users/autumnwilcox/Library/TinyTeX/texmf-dist/fonts/enc/dvips/lm/lm-rm.enc}]

LaTeX Warning: Citation `ref-nchs2014' on page 2 undefined on input line 345.


! LaTeX Error: Unicode character ≥ (U+2265)
               not set up for use with LaTeX.

See the LaTeX manual or LaTeX Companion for explanation.
Type  H <return>  for immediate help.
 ...                                              
                                                  
l.351 ...including body mass index (BMI), age (≥
                                                  20 years), sex, and
You may provide a definition with
\DeclareUnicodeCharacter 

[2{/Users/autumnwilcox/Library/TinyTeX/texmf-dist/fonts/enc/dvips/lm/lm-mathsy.enc}]
LaTeX Font Info:    Trying to load font information for TS1+lmr on input line 392.
 (/Users/autumnwilcox/Library/TinyTeX/texmf-dist/tex/latex/lm/ts1lmr.fd
File: ts1lmr.fd 2015/05/01 v1.6.1 Font defs for Latin Modern
)

LaTeX Warning: Citation `ref-deleeuw2012' on page 3 undefined on input line 406.


LaTeX Warning: Citation `ref-klauenberg2015' on page 3 undefined on input line 406.


LaTeX Warning: Citation `ref-gelman2008' on page 3 undefined on input line 440.


LaTeX Warning: Citation `ref-vandeschoot2021' on page 3 undefined on input line 441.


LaTeX Warning: Citation `ref-vandeschoot2013' on page 3 undefined on input line 444.


LaTeX Warning: Citation `ref-vandeschoot2021' on page 3 undefined on input line 445.

[3{/Users/autumnwilcox/Library/TinyTeX/texmf-dist/fonts/enc/dvips/lm/lm-ts1.enc}]

LaTeX Warning: Citation `ref-austin2021' on page 4 undefined on input line 497.


LaTeX Warning: Citation `ref-nchs2014' on page 4 undefined on input line 544.

LaTeX Font Info:    Font shape `T1/lmtt/bx/n' in size <10.95> not available
(Font)              Font shape `T1/lmtt/b/n' tried instead on input line 547.

! LaTeX Error: Unicode character ≥ (U+2265)
               not set up for use with LaTeX.

See the LaTeX manual or LaTeX Companion for explanation.
Type  H <return>  for immediate help.
 ...                                              
                                                  
l.549 adult analytic dataset (age ≥
                                      20 years).
You may provide a definition with
\DeclareUnicodeCharacter 

[4]

! LaTeX Error: Unicode character ≥ (U+2265)
               not set up for use with LaTeX.

See the LaTeX manual or LaTeX Companion for explanation.
Type  H <return>  for immediate help.
 ...                                              
                                                  
l.577 restrict the sample to adults (age ≥
                                             20) to define the analytic cohort
You may provide a definition with
\DeclareUnicodeCharacter 


Underfull \hbox (badness 10000) in paragraph at lines 622--626

 []


Underfull \hbox (badness 10000) in paragraph at lines 626--628

 []


Underfull \hbox (badness 10000) in paragraph at lines 628--630

 []

[5]
LaTeX Font Info:    Trying to load font information for TS1+lmtt on input line 637.
 (/Users/autumnwilcox/Library/TinyTeX/texmf-dist/tex/latex/lm/ts1lmtt.fd
File: ts1lmtt.fd 2015/05/01 v1.6.1 Font defs for Latin Modern
)
! Missing $ inserted.
<inserted text> 
                $
l.677 \hspace{1em}`diabetes_
                            dx` & Type 2 diabetes diagnosis (1 = Yes, 0 = No...
I've inserted a begin-math/end-math symbol since I think
you left one out. Proceed, with fingers crossed.

! Missing $ inserted.
<inserted text> 
                $
l.677 \hspace{1em}`diabetes_dx` &
                                  Type 2 diabetes diagnosis (1 = Yes, 0 = No...
I've inserted something that you may have forgotten.
(See the <inserted text> above.)
With luck, this will get me unwedged. But if you
really didn't forget anything, try typing `2' now; then
my insertion and my current dilemma will both disappear.

! Missing $ inserted.
<inserted text> 
                $
l.681 \hspace{1em}`bmi` & Body Mass Index (kg/m^
                                                2) computed from measured he...
I've inserted a begin-math/end-math symbol since I think
you left one out. Proceed, with fingers crossed.

! Missing $ inserted.
<inserted text> 
                $
l.681 ...mputed from measured height and weight. &
                                                   Continuous & NHANES `BMXB...
I've inserted something that you may have forgotten.
(See the <inserted text> above.)
With luck, this will get me unwedged. But if you
really didn't forget anything, try typing `2' now; then
my insertion and my current dilemma will both disappear.

! Missing $ inserted.
<inserted text> 
                $
l.683 \hspace{1em}`bmi_
                       cat` & BMI categories: Underweight, Normal, Overweigh...
I've inserted a begin-math/end-math symbol since I think
you left one out. Proceed, with fingers crossed.

! Missing $ inserted.
<inserted text> 
                $
l.683 \hspace{1em}`bmi_cat` &
                              BMI categories: Underweight, Normal, Overweigh...
I've inserted something that you may have forgotten.
(See the <inserted text> above.)
With luck, this will get me unwedged. But if you
really didn't forget anything, try typing `2' now; then
my insertion and my current dilemma will both disappear.

! Missing $ inserted.
<inserted text> 
                $
l.699 \hspace{1em}`age_
                       c` & Centered and standardized age (z-score). & Conti...
I've inserted a begin-math/end-math symbol since I think
you left one out. Proceed, with fingers crossed.

! Missing $ inserted.
<inserted text> 
                $
l.699 \hspace{1em}`age_c` &
                            Centered and standardized age (z-score). & Conti...
I've inserted something that you may have forgotten.
(See the <inserted text> above.)
With luck, this will get me unwedged. But if you
really didn't forget anything, try typing `2' now; then
my insertion and my current dilemma will both disappear.

! Missing $ inserted.
<inserted text> 
                $
l.701 \hspace{1em}`bmi_
                       c` & Centered and standardized BMI (z-score). & Conti...
I've inserted a begin-math/end-math symbol since I think
you left one out. Proceed, with fingers crossed.

! Missing $ inserted.
<inserted text> 
                $
l.701 \hspace{1em}`bmi_c` &
                            Centered and standardized BMI (z-score). & Conti...
I've inserted something that you may have forgotten.
(See the <inserted text> above.)
With luck, this will get me unwedged. But if you
really didn't forget anything, try typing `2' now; then
my insertion and my current dilemma will both disappear.


Overfull \hbox (323.70772pt too wide) in paragraph at lines 671--704
 [][] 
 []

[6]

! LaTeX Error: Unicode character ≥ (U+2265)
               not set up for use with LaTeX.

See the LaTeX manual or LaTeX Companion for explanation.
Type  H <return>  for immediate help.
 ...                                              
                                                  
l.767 ...ity I), 35--\textless40 (Obesity II), ≥
                                                  40 (Obesity
You may provide a definition with
\DeclareUnicodeCharacter 

ignored error: Infinite glue shrinkage found in box being split [7] [8] [9]
! Missing $ inserted.
<inserted text> 
                $
l.925 ...es_dx, bmi_cat): counts and percentages.}
                                                  \\
I've inserted a begin-math/end-math symbol since I think
you left one out. Proceed, with fingers crossed.

! Missing $ inserted.
<inserted text> 
                $
l.925 ...es_dx, bmi_cat): counts and percentages.}
                                                  \\
I've inserted a begin-math/end-math symbol since I think
you left one out. Proceed, with fingers crossed.

! Missing $ inserted.
<inserted text> 
                $
l.925 ...es_dx, bmi_cat): counts and percentages.}
                                                  \\
I've inserted a begin-math/end-math symbol since I think
you left one out. Proceed, with fingers crossed.

! Missing $ inserted.
<inserted text> 
                $
l.925 ...es_dx, bmi_cat): counts and percentages.}
                                                  \\
I've inserted a begin-math/end-math symbol since I think
you left one out. Proceed, with fingers crossed.


! LaTeX Error: Unicode character ≥ (U+2265)
               not set up for use with LaTeX.

See the LaTeX manual or LaTeX Companion for explanation.
Type  H <return>  for immediate help.
 ...                                              
                                                  
l.933 bmi\_cat & ≥
                    40 & 419 & 7.3\\
You may provide a definition with
\DeclareUnicodeCharacter 

ignored error: Infinite glue shrinkage found in box being split [10]

! LaTeX Error: Unicode character ≥ (U+2265)
               not set up for use with LaTeX.

See the LaTeX manual or LaTeX Companion for explanation.
Type  H <return>  for immediate help.
 ...                                              
                                                  
l.957 ...rks (analytic cohort N = 5,769 adults ≥
                                                   20 years).
You may provide a definition with
\DeclareUnicodeCharacter 


! LaTeX Error: Unicode character ≥ (U+2265)
               not set up for use with LaTeX.

See the LaTeX manual or LaTeX Companion for explanation.
Type  H <return>  for immediate help.
 ...                                              
                                                  
l.980 ...with derived and standardized variables.}
                                                  
You may provide a definition with
\DeclareUnicodeCharacter 


! LaTeX Error: Unicode character ≥ (U+2265)
               not set up for use with LaTeX.

See the LaTeX manual or LaTeX Companion for explanation.
Type  H <return>  for immediate help.
 ...                                              
                                                  
l.980 ...with derived and standardized variables.}
                                                  
You may provide a definition with
\DeclareUnicodeCharacter 


Overfull \hbox (28.33064pt too wide) in paragraph at lines 986--987
 []\T1/lmr/m/n/10.95 (-20) SDMVPSU
 []


Overfull \hbox (33.1638pt too wide) in paragraph at lines 988--989
 []\T1/lmr/m/n/10.95 (-20) SDMVSTRA
 []


Overfull \hbox (36.28937pt too wide) in paragraph at lines 990--991
 []\T1/lmr/m/n/10.95 (-20) WTMEC2YR
 []


Overfull \hbox (20.3832pt too wide) in paragraph at lines 992--993
 []\T1/lmr/m/n/10.95 (-20) diabetes_dx
 []


Overfull \hbox (2.24811pt too wide) in paragraph at lines 994--995
 []\T1/lmr/m/n/10.95 (-20) bmi
 []


Overfull \hbox (3.0026pt too wide) in paragraph at lines 996--997
 []\T1/lmr/m/n/10.95 (-20) age
 []


Overfull \hbox (14.35374pt too wide) in paragraph at lines 1002--1003
 []\T1/lmr/m/n/10.95 (-20) DIQ050
 []


Overfull \hbox (11.81107pt too wide) in paragraph at lines 1008--1009
[]\T1/lmr/m/n/10.95 (-20) bmi_cat  
 []


Overfull \hbox (12.40504pt too wide) in paragraph at lines 1014--1014
 []|\T1/lmr/m/n/10.95 (-20) 13481.04|
 []


Overfull \hbox (3.44087pt too wide) in paragraph at lines 1014--1014
 []|\T1/lmr/m/n/10.95 (-20) 26.7|
 []


Overfull \hbox (1.0649pt too wide) in paragraph at lines 1014--1014
[]|\T1/lmr/m/n/10.95 (-20) Male|  
 []


Overfull \hbox (14.62675pt too wide) in paragraph at lines 1014--1014
 []|\T1/lmr/m/n/10.95 (-20) 1.1324183|
 []


Overfull \hbox (11.48813pt too wide) in paragraph at lines 1015--1015
 \T1/lmr/m/n/10.95 (-20) 0.3358861|
 []


Overfull \hbox (12.40504pt too wide) in paragraph at lines 1016--1016
 []|\T1/lmr/m/n/10.95 (-20) 24471.77|
 []


Overfull \hbox (3.44087pt too wide) in paragraph at lines 1016--1016
 []|\T1/lmr/m/n/10.95 (-20) 28.6|
 []


Overfull \hbox (1.0649pt too wide) in paragraph at lines 1016--1016
[]|\T1/lmr/m/n/10.95 (-20) Male|  
 []


Overfull \hbox (14.62675pt too wide) in paragraph at lines 1016--1016
 []|\T1/lmr/m/n/10.95 (-20) 0.2783598|
 []


Overfull \hbox (11.48813pt too wide) in paragraph at lines 1017--1017
 \T1/lmr/m/n/10.95 (-20) 0.0702810|
 []


Overfull \hbox (12.40504pt too wide) in paragraph at lines 1018--1018
 []|\T1/lmr/m/n/10.95 (-20) 57193.29|
 []


Overfull \hbox (3.44087pt too wide) in paragraph at lines 1018--1018
 []|\T1/lmr/m/n/10.95 (-20) 28.9|
 []


Overfull \hbox (1.0649pt too wide) in paragraph at lines 1018--1018
[]|\T1/lmr/m/n/10.95 (-20) Male|  
 []


Overfull \hbox (14.62675pt too wide) in paragraph at lines 1018--1018
 []|\T1/lmr/m/n/10.95 (-20) 1.3032300|
 []


Overfull \hbox (11.48813pt too wide) in paragraph at lines 1019--1019
 \T1/lmr/m/n/10.95 (-20) 0.0283434|
 []


Overfull \hbox (12.40504pt too wide) in paragraph at lines 1020--1020
 []|\T1/lmr/m/n/10.95 (-20) 65541.87|
 []


Overfull \hbox (3.44087pt too wide) in paragraph at lines 1020--1020
 []|\T1/lmr/m/n/10.95 (-20) 19.7|
 []


Overfull \hbox (11.032pt too wide) in paragraph at lines 1020--1020
[]|\T1/lmr/m/n/10.95 (-20) Female|  
 []


Overfull \hbox (14.62675pt too wide) in paragraph at lines 1020--1020
 []|\T1/lmr/m/n/10.95 (-20) 1.3601672|
 []


Overfull \hbox (10.94063pt too wide) in paragraph at lines 1021--1021
 \T1/lmr/m/n/10.95 (-20) 1.3144311|
 []


Overfull \hbox (12.40504pt too wide) in paragraph at lines 1022--1022
 []|\T1/lmr/m/n/10.95 (-20) 25344.99|
 []


Overfull \hbox (3.44087pt too wide) in paragraph at lines 1022--1022
 []|\T1/lmr/m/n/10.95 (-20) 41.7|
 []


Overfull \hbox (1.0649pt too wide) in paragraph at lines 1022--1022
[]|\T1/lmr/m/n/10.95 (-20) Male|  
 []


Overfull \hbox (14.62675pt too wide) in paragraph at lines 1023--1023
 []|\T1/lmr/m/n/10.95 (-20) 0.3922343|
 []


Overfull \hbox (11.48813pt too wide) in paragraph at lines 1023--1023
 []|\T1/lmr/m/n/10.95 (-20) 1.7609961|
 []


! LaTeX Error: Unicode character ≥ (U+2265)
               not set up for use with LaTeX.

See the LaTeX manual or LaTeX Companion for explanation.
Type  H <return>  for immediate help.
 ...                                              
                                                  
l.1023 0.3922343 & 1.7609961 & ≥
                                  40 \\
You may provide a definition with
\DeclareUnicodeCharacter 


Overfull \hbox (12.40504pt too wide) in paragraph at lines 1024--1024
 []|\T1/lmr/m/n/10.95 (-20) 61758.65|
 []


Overfull \hbox (3.44087pt too wide) in paragraph at lines 1024--1024
 []|\T1/lmr/m/n/10.95 (-20) 35.7|
 []


Overfull \hbox (11.032pt too wide) in paragraph at lines 1024--1024
[]|\T1/lmr/m/n/10.95 (-20) Female|  
 []


Overfull \hbox (14.62675pt too wide) in paragraph at lines 1024--1024
 []|\T1/lmr/m/n/10.95 (-20) 0.6769204|
 []


Overfull \hbox (11.48813pt too wide) in paragraph at lines 1025--1025
 []|\T1/lmr/m/n/10.95 (-20) 0.9222432|
 []


LaTeX Warning: Reference `tbl-adult' on page 11 undefined on input line 1029.


Overfull \hbox (59.12846pt too wide) in paragraph at lines 1056--1056
[] \T1/lmtt/m/n/10.95 $ race       : Factor w/ 5 levels "NH White","Mexican American",..: 4 1 1 1 2 1 3 1 1 1 ...[] 
 []


Overfull \hbox (1.64113pt too wide) in paragraph at lines 1056--1056
[] \T1/lmtt/m/n/10.95 $ bmi_cat    : Factor w/ 6 levels "<18.5","18.5^^U<25",..: 3 3 3 2 6 5 NA 3 2 2 ...[] 
 []

[11]
<index_files/figure-pdf/structure-and-preview-1.pdf, id=90, 397.485pt x 252.945pt>
File: index_files/figure-pdf/structure-and-preview-1.pdf Graphic file (type pdf)
<use index_files/figure-pdf/structure-and-preview-1.pdf>
Package pdftex.def Info: index_files/figure-pdf/structure-and-preview-1.pdf  used on input line 1067.
(pdftex.def)             Requested size: 397.48402pt x 252.94438pt.
<index_files/figure-pdf/missingness-visual-1.pdf, id=91, 397.485pt x 252.945pt>
File: index_files/figure-pdf/missingness-visual-1.pdf Graphic file (type pdf)
<use index_files/figure-pdf/missingness-visual-1.pdf>
Package pdftex.def Info: index_files/figure-pdf/missingness-visual-1.pdf  used on input line 1090.
(pdftex.def)             Requested size: 397.48402pt x 252.94438pt.
 [12 <./index_files/figure-pdf/structure-and-preview-1.pdf>]

Package longtable Warning: Column widths have changed
(longtable)                in table 7 on input line 1134.

[13 <./index_files/figure-pdf/missingness-visual-1.pdf>]

! LaTeX Error: Unicode character ≥ (U+2265)
               not set up for use with LaTeX.

See the LaTeX manual or LaTeX Companion for explanation.
Type  H <return>  for immediate help.
 ...                                              
                                                  
l.1179 ..."Count"}\NormalTok{) }\SpecialCharTok{+}
                                                  
You may provide a definition with
\DeclareUnicodeCharacter 

<index_files/figure-pdf/eda-age-distribution-1.pdf, id=115, 397.485pt x 252.945pt>
File: index_files/figure-pdf/eda-age-distribution-1.pdf Graphic file (type pdf)
<use index_files/figure-pdf/eda-age-distribution-1.pdf>
Package pdftex.def Info: index_files/figure-pdf/eda-age-distribution-1.pdf  used on input line 1186.
(pdftex.def)             Requested size: 397.48402pt x 252.94438pt.

! LaTeX Error: Unicode character ≥ (U+2265)
               not set up for use with LaTeX.

See the LaTeX manual or LaTeX Companion for explanation.
Type  H <return>  for immediate help.
 ...                                              
                                                  
l.1193 cohort suitable for regression modeling.}
                                                
You may provide a definition with
\DeclareUnicodeCharacter 


! LaTeX Error: Unicode character ≥ (U+2265)
               not set up for use with LaTeX.

See the LaTeX manual or LaTeX Companion for explanation.
Type  H <return>  for immediate help.
 ...                                              
                                                  
l.1193 cohort suitable for regression modeling.}
                                                
You may provide a definition with
\DeclareUnicodeCharacter 

[14]

! LaTeX Error: Unicode character ≥ (U+2265)
               not set up for use with LaTeX.

See the LaTeX manual or LaTeX Companion for explanation.
Type  H <return>  for immediate help.
 ...                                              
                                                  
l.1202 ..."Count"}\NormalTok{) }\SpecialCharTok{+}
                                                  
You may provide a definition with
\DeclareUnicodeCharacter 

<index_files/figure-pdf/eda-diabetes-distribution-1.pdf, id=121, 397.485pt x 252.945pt>
File: index_files/figure-pdf/eda-diabetes-distribution-1.pdf Graphic file (type pdf)
<use index_files/figure-pdf/eda-diabetes-distribution-1.pdf>
Package pdftex.def Info: index_files/figure-pdf/eda-diabetes-distribution-1.pdf  used on input line 1209.
(pdftex.def)             Requested size: 397.48402pt x 252.94438pt.

! LaTeX Error: Unicode character ≥ (U+2265)
               not set up for use with LaTeX.

See the LaTeX manual or LaTeX Companion for explanation.
Type  H <return>  for immediate help.
 ...                                              
                                                  
l.1217 missingness.}
                    
You may provide a definition with
\DeclareUnicodeCharacter 


! LaTeX Error: Unicode character ≥ (U+2265)
               not set up for use with LaTeX.

See the LaTeX manual or LaTeX Companion for explanation.
Type  H <return>  for immediate help.
 ...                                              
                                                  
l.1217 missingness.}
                    
You may provide a definition with
\DeclareUnicodeCharacter 

[15 <./index_files/figure-pdf/eda-age-distribution-1.pdf>]

! LaTeX Error: Unicode character ≥ (U+2265)
               not set up for use with LaTeX.

See the LaTeX manual or LaTeX Companion for explanation.
Type  H <return>  for immediate help.
 ...                                              
                                                  
l.1226 ..."Count"}\NormalTok{) }\SpecialCharTok{+}
                                                  
You may provide a definition with
\DeclareUnicodeCharacter 

<index_files/figure-pdf/eda-bmi-distribution-1.pdf, id=132, 397.485pt x 252.945pt>
File: index_files/figure-pdf/eda-bmi-distribution-1.pdf Graphic file (type pdf)
<use index_files/figure-pdf/eda-bmi-distribution-1.pdf>
Package pdftex.def Info: index_files/figure-pdf/eda-bmi-distribution-1.pdf  used on input line 1233.
(pdftex.def)             Requested size: 397.48402pt x 252.94438pt.

! LaTeX Error: Unicode character ≥ (U+2265)
               not set up for use with LaTeX.

See the LaTeX manual or LaTeX Companion for explanation.
Type  H <return>  for immediate help.
 ...                                              
                                                  
l.1242 metabolic health analyses.}
                                  
You may provide a definition with
\DeclareUnicodeCharacter 


! LaTeX Error: Unicode character ≥ (U+2265)
               not set up for use with LaTeX.

See the LaTeX manual or LaTeX Companion for explanation.
Type  H <return>  for immediate help.
 ...                                              
                                                  
l.1242 metabolic health analyses.}
                                  
You may provide a definition with
\DeclareUnicodeCharacter 


! LaTeX Error: Unicode character ≥ (U+2265)
               not set up for use with LaTeX.

See the LaTeX manual or LaTeX Companion for explanation.
Type  H <return>  for immediate help.
 ...                                              
                                                  
l.1242 metabolic health analyses.}
                                  
You may provide a definition with
\DeclareUnicodeCharacter 


! LaTeX Error: Unicode character ≥ (U+2265)
               not set up for use with LaTeX.

See the LaTeX manual or LaTeX Companion for explanation.
Type  H <return>  for immediate help.
 ...                                              
                                                  
l.1242 metabolic health analyses.}
                                  
You may provide a definition with
\DeclareUnicodeCharacter 

[16 <./index_files/figure-pdf/eda-diabetes-distribution-1.pdf>]

! LaTeX Error: Unicode character ≥ (U+2265)
               not set up for use with LaTeX.

See the LaTeX manual or LaTeX Companion for explanation.
Type  H <return>  for immediate help.
 ...                                              
                                                  
l.1252 ...meric)"}\NormalTok{) }\SpecialCharTok{+}
                                                  
You may provide a definition with
\DeclareUnicodeCharacter 

<index_files/figure-pdf/eda-bmi-by-diabetes-outcome-1.pdf, id=143, 397.485pt x 252.945pt>
File: index_files/figure-pdf/eda-bmi-by-diabetes-outcome-1.pdf Graphic file (type pdf)
<use index_files/figure-pdf/eda-bmi-by-diabetes-outcome-1.pdf>
Package pdftex.def Info: index_files/figure-pdf/eda-bmi-by-diabetes-outcome-1.pdf  used on input line 1259.
(pdftex.def)             Requested size: 397.48402pt x 252.94438pt.

! LaTeX Error: Unicode character ≥ (U+2265)
               not set up for use with LaTeX.

See the LaTeX manual or LaTeX Companion for explanation.
Type  H <return>  for immediate help.
 ...                                              
                                                  
l.1267 obesity and diabetes risk.}
                                  
You may provide a definition with
\DeclareUnicodeCharacter 


! LaTeX Error: Unicode character ≥ (U+2265)
               not set up for use with LaTeX.

See the LaTeX manual or LaTeX Companion for explanation.
Type  H <return>  for immediate help.
 ...                                              
                                                  
l.1267 obesity and diabetes risk.}
                                  
You may provide a definition with
\DeclareUnicodeCharacter 

[17 <./index_files/figure-pdf/eda-bmi-distribution-1.pdf>]

! LaTeX Error: Unicode character ≥ (U+2265)
               not set up for use with LaTeX.

See the LaTeX manual or LaTeX Companion for explanation.
Type  H <return>  for immediate help.
 ...                                              
                                                  
l.1276 ...e/Ethnicity (≥20 years)"}\NormalTok{,}
                                                  
You may provide a definition with
\DeclareUnicodeCharacter 

<index_files/figure-pdf/eda-diabetes-by-race-1.pdf, id=155, 397.485pt x 252.945pt>
File: index_files/figure-pdf/eda-diabetes-by-race-1.pdf Graphic file (type pdf)
<use index_files/figure-pdf/eda-diabetes-by-race-1.pdf>
Package pdftex.def Info: index_files/figure-pdf/eda-diabetes-by-race-1.pdf  used on input line 1285.
(pdftex.def)             Requested size: 397.48402pt x 252.94438pt.

! LaTeX Error: Unicode character ≥ (U+2265)
               not set up for use with LaTeX.

See the LaTeX manual or LaTeX Companion for explanation.
Type  H <return>  for immediate help.
 ...                                              
                                                  
l.1293 racial and ethnic groups.}
                                 
You may provide a definition with
\DeclareUnicodeCharacter 


! LaTeX Error: Unicode character ≥ (U+2265)
               not set up for use with LaTeX.

See the LaTeX manual or LaTeX Companion for explanation.
Type  H <return>  for immediate help.
 ...                                              
                                                  
l.1293 racial and ethnic groups.}
                                 
You may provide a definition with
\DeclareUnicodeCharacter 

[18 <./index_files/figure-pdf/eda-bmi-by-diabetes-outcome-1.pdf>]

LaTeX Warning: Citation `ref-nchs2014' on page 19 undefined on input line 1322.

[19 <./index_files/figure-pdf/eda-diabetes-by-race-1.pdf>]
Overfull \hbox (59.12846pt too wide) in paragraph at lines 1364--1364
[] \T1/lmtt/m/n/10.95 $ race       : Factor w/ 5 levels "NH White","Mexican American",..: 4 1 1 1 2 1 1 1 1 1 ...[] 
 []


Package longtable Warning: Column widths have changed
(longtable)                in table 8 on input line 1389.

[20]

Package longtable Warning: Column widths have changed
(longtable)                in table 9 on input line 1418.


Package longtable Warning: Column widths have changed
(longtable)                in table 10 on input line 1444.

[21]

Package longtable Warning: Column widths have changed
(longtable)                in table 11 on input line 1503.


LaTeX Warning: Citation `ref-vanbuuren2011' on page 22 undefined on input line 1525.


LaTeX Warning: Citation `ref-vanbuuren2012' on page 22 undefined on input line 1525.


! LaTeX Error: Unicode character ≥ (U+2265)
               not set up for use with LaTeX.

See the LaTeX manual or LaTeX Companion for explanation.
Type  H <return>  for immediate help.
 ...                                              
                                                  
l.1535 (\texttt{n\ ≥\ 400}
                            ), even with substantial missingness (up to 75\%...
You may provide a definition with
\DeclareUnicodeCharacter 


LaTeX Warning: Citation `ref-vanbuuren2012' on page 22 undefined on input line 1539.

[22]

! LaTeX Error: Unicode character ≈ (U+2248)
               not set up for use with LaTeX.

See the LaTeX manual or LaTeX Companion for explanation.
Type  H <return>  for immediate help.
 ...                                              
                                                  
l.1604 \textbf{49 years} (SD ≈
                                 17), and the mean \texttt{BMI} was approxim...
You may provide a definition with
\DeclareUnicodeCharacter 


! LaTeX Error: Unicode character ≈ (U+2248)
               not set up for use with LaTeX.

See the LaTeX manual or LaTeX Companion for explanation.
Type  H <return>  for immediate help.
 ...                                              
                                                  
l.1605 \textbf{29} (SD ≈
                           7). \texttt{Female} participants represented about
You may provide a definition with
\DeclareUnicodeCharacter 

[23]
<index_files/figure-pdf/corr-heatmap-1.pdf, id=206, 397.485pt x 252.945pt>
File: index_files/figure-pdf/corr-heatmap-1.pdf Graphic file (type pdf)
<use index_files/figure-pdf/corr-heatmap-1.pdf>
Package pdftex.def Info: index_files/figure-pdf/corr-heatmap-1.pdf  used on input line 1627.
(pdftex.def)             Requested size: 397.48402pt x 252.94438pt.
<index_files/figure-pdf/diabetes-dist-1.pdf, id=207, 397.485pt x 252.945pt>
File: index_files/figure-pdf/diabetes-dist-1.pdf Graphic file (type pdf)
<use index_files/figure-pdf/diabetes-dist-1.pdf>
Package pdftex.def Info: index_files/figure-pdf/diabetes-dist-1.pdf  used on input line 1650.
(pdftex.def)             Requested size: 397.48402pt x 252.94438pt.


! LaTeX Error: Unicode character ≥ (U+2265)
               not set up for use with LaTeX.

See the LaTeX manual or LaTeX Companion for explanation.
Type  H <return>  for immediate help.
 ...                                              
                                                  
l.1657 ...tent with NHANES population prevalence.}
                                                  
You may provide a definition with
\DeclareUnicodeCharacter 


! LaTeX Error: Unicode character ≈ (U+2248)
               not set up for use with LaTeX.

See the LaTeX manual or LaTeX Companion for explanation.
Type  H <return>  for immediate help.
 ...                                              
                                                  
l.1657 ...tent with NHANES population prevalence.}
                                                  
You may provide a definition with
\DeclareUnicodeCharacter 


! LaTeX Error: Unicode character ≥ (U+2265)
               not set up for use with LaTeX.

See the LaTeX manual or LaTeX Companion for explanation.
Type  H <return>  for immediate help.
 ...                                              
                                                  
l.1657 ...tent with NHANES population prevalence.}
                                                  
You may provide a definition with
\DeclareUnicodeCharacter 


! LaTeX Error: Unicode character ≈ (U+2248)
               not set up for use with LaTeX.

See the LaTeX manual or LaTeX Companion for explanation.
Type  H <return>  for immediate help.
 ...                                              
                                                  
l.1657 ...tent with NHANES population prevalence.}
                                                  
You may provide a definition with
\DeclareUnicodeCharacter 

[24 <./index_files/figure-pdf/corr-heatmap-1.pdf>]
<index_files/figure-pdf/bmi-diabetes-box-1.pdf, id=219, 397.485pt x 252.945pt>
File: index_files/figure-pdf/bmi-diabetes-box-1.pdf Graphic file (type pdf)
<use index_files/figure-pdf/bmi-diabetes-box-1.pdf>
Package pdftex.def Info: index_files/figure-pdf/bmi-diabetes-box-1.pdf  used on input line 1674.
(pdftex.def)             Requested size: 397.48402pt x 252.94438pt.
 [25 <./index_files/figure-pdf/diabetes-dist-1.pdf>]
<index_files/figure-pdf/pred-bmi-1.pdf, id=231, 397.485pt x 252.945pt>
File: index_files/figure-pdf/pred-bmi-1.pdf Graphic file (type pdf)
<use index_files/figure-pdf/pred-bmi-1.pdf>
Package pdftex.def Info: index_files/figure-pdf/pred-bmi-1.pdf  used on input line 1705.
(pdftex.def)             Requested size: 397.48402pt x 252.94438pt.
 [26 <./index_files/figure-pdf/bmi-diabetes-box-1.pdf>]
Overfull \hbox (8.91966pt too wide) in paragraph at lines 1770--1771
 []\T1/lmr/m/n/10.95 (-20) std.error
 []


Overfull \hbox (6.12834pt too wide) in paragraph at lines 1772--1773
 []\T1/lmr/m/n/10.95 (-20) statistic
 []


Overfull \hbox (2.1215pt too wide) in paragraph at lines 1776--1777
 []\T1/lmr/m/n/10.95 (-20) p.value
 []


Overfull \hbox (6.80032pt too wide) in paragraph at lines 1782--1783
 []\T1/lmr/m/n/10.95 (-20) conf.low
 []


Overfull \hbox (11.67197pt too wide) in paragraph at lines 1784--1785
 []\T1/lmr/m/n/10.95 (-20) conf.high
 []


Overfull \hbox (14.9511pt too wide) in paragraph at lines 1790--1790
 []|\T1/lmr/m/n/10.95 (-20) 2.9038183|
 []


Overfull \hbox (14.9511pt too wide) in paragraph at lines 1790--1790
 []|\T1/lmr/m/n/10.95 (-20) 0.0559473|
 []


Overfull \hbox (14.9511pt too wide) in paragraph at lines 1790--1790
 []|\T1/lmr/m/n/10.95 (-20) 19.054108|
 []


Overfull \hbox (12.69699pt too wide) in paragraph at lines 1790--1790
 []|\T1/lmr/m/n/10.95 (-20) 5520.446|
 []


Overfull \hbox (14.9511pt too wide) in paragraph at lines 1790--1790
 []|\T1/lmr/m/n/10.95 (-20) 0.0000000|
 []


Overfull \hbox (14.9511pt too wide) in paragraph at lines 1791--1791
 []|\T1/lmr/m/n/10.95 (-20) 2.6021752|
 []


Overfull \hbox (14.9511pt too wide) in paragraph at lines 1791--1791
 []|\T1/lmr/m/n/10.95 (-20) 3.2404277|
 []


Overfull \hbox (14.9511pt too wide) in paragraph at lines 1791--1791
 []|\T1/lmr/m/n/10.95 (-20) 2.6021752|
 []


Overfull \hbox (14.9511pt too wide) in paragraph at lines 1791--1792
 []|\T1/lmr/m/n/10.95 (-20) 3.2404277|
 []


Overfull \hbox (14.9511pt too wide) in paragraph at lines 1792--1792
 []|\T1/lmr/m/n/10.95 (-20) 1.7278084|
 []


Overfull \hbox (14.9511pt too wide) in paragraph at lines 1792--1792
 []|\T1/lmr/m/n/10.95 (-20) 0.0447339|
 []


Overfull \hbox (14.9511pt too wide) in paragraph at lines 1792--1792
 []|\T1/lmr/m/n/10.95 (-20) 12.224604|
 []


Overfull \hbox (12.69699pt too wide) in paragraph at lines 1792--1792
 []|\T1/lmr/m/n/10.95 (-20) 5148.557|
 []


Overfull \hbox (14.9511pt too wide) in paragraph at lines 1792--1792
 []|\T1/lmr/m/n/10.95 (-20) 0.0000000|
 []


Overfull \hbox (14.9511pt too wide) in paragraph at lines 1793--1793
 []|\T1/lmr/m/n/10.95 (-20) 1.5827382|
 []


Overfull \hbox (14.9511pt too wide) in paragraph at lines 1793--1793
 []|\T1/lmr/m/n/10.95 (-20) 1.8861754|
 []


Overfull \hbox (14.9511pt too wide) in paragraph at lines 1793--1793
 []|\T1/lmr/m/n/10.95 (-20) 1.5827382|
 []


Overfull \hbox (14.9511pt too wide) in paragraph at lines 1793--1794
 []|\T1/lmr/m/n/10.95 (-20) 1.8861754|
 []


Overfull \hbox (14.9511pt too wide) in paragraph at lines 1794--1794
 []|\T1/lmr/m/n/10.95 (-20) 0.5391132|
 []


Overfull \hbox (14.9511pt too wide) in paragraph at lines 1794--1794
 []|\T1/lmr/m/n/10.95 (-20) 0.0937913|
 []


Overfull \hbox (9.5856pt too wide) in paragraph at lines 1794--1794
 \T1/lmr/m/n/10.95 (-20) 6.587282|
 []


Overfull \hbox (12.69699pt too wide) in paragraph at lines 1794--1794
 []|\T1/lmr/m/n/10.95 (-20) 5551.660|
 []


Overfull \hbox (14.9511pt too wide) in paragraph at lines 1794--1795
 []|\T1/lmr/m/n/10.95 (-20) 0.0000000|
 []


Overfull \hbox (14.9511pt too wide) in paragraph at lines 1795--1795
 []|\T1/lmr/m/n/10.95 (-20) 0.4485669|
 []


Overfull \hbox (14.9511pt too wide) in paragraph at lines 1795--1795
 []|\T1/lmr/m/n/10.95 (-20) 0.6479368|
 []


Overfull \hbox (14.9511pt too wide) in paragraph at lines 1795--1795
 []|\T1/lmr/m/n/10.95 (-20) 0.4485669|
 []


Overfull \hbox (14.9511pt too wide) in paragraph at lines 1795--1796
 []|\T1/lmr/m/n/10.95 (-20) 0.6479368|
 []


Overfull \hbox (14.9511pt too wide) in paragraph at lines 1796--1796
 []|\T1/lmr/m/n/10.95 (-20) 2.4296216|
 []


Overfull \hbox (14.9511pt too wide) in paragraph at lines 1796--1796
 []|\T1/lmr/m/n/10.95 (-20) 0.1375046|
 []


Overfull \hbox (9.5856pt too wide) in paragraph at lines 1796--1796
 []|\T1/lmr/m/n/10.95 (-20) 6.456041|
 []


Overfull \hbox (12.69699pt too wide) in paragraph at lines 1796--1796
 []|\T1/lmr/m/n/10.95 (-20) 5472.583|
 []


Overfull \hbox (14.9511pt too wide) in paragraph at lines 1797--1797
 []|\T1/lmr/m/n/10.95 (-20) 0.0000000|
 []


Overfull \hbox (14.9511pt too wide) in paragraph at lines 1797--1797
 []|\T1/lmr/m/n/10.95 (-20) 1.8555327|
 []


Overfull \hbox (14.9511pt too wide) in paragraph at lines 1797--1797
 []|\T1/lmr/m/n/10.95 (-20) 3.1813298|
 []


Overfull \hbox (14.9511pt too wide) in paragraph at lines 1797--1797
 []|\T1/lmr/m/n/10.95 (-20) 1.8555327|
 []


Overfull \hbox (14.9511pt too wide) in paragraph at lines 1797--1798
 []|\T1/lmr/m/n/10.95 (-20) 3.1813298|
 []


Overfull \hbox (14.9511pt too wide) in paragraph at lines 1798--1798
 []|\T1/lmr/m/n/10.95 (-20) 1.7518320|
 []


Overfull \hbox (14.9511pt too wide) in paragraph at lines 1798--1798
 []|\T1/lmr/m/n/10.95 (-20) 0.1748554|
 []


Overfull \hbox (9.5856pt too wide) in paragraph at lines 1798--1798
 []|\T1/lmr/m/n/10.95 (-20) 3.206433|
 []


Overfull \hbox (12.69699pt too wide) in paragraph at lines 1798--1798
 []|\T1/lmr/m/n/10.95 (-20) 5573.987|
 []


Overfull \hbox (14.9511pt too wide) in paragraph at lines 1799--1799
 []|\T1/lmr/m/n/10.95 (-20) 0.0013515|
 []


Overfull \hbox (14.9511pt too wide) in paragraph at lines 1799--1799
 []|\T1/lmr/m/n/10.95 (-20) 1.2434346|
 []


Overfull \hbox (14.9511pt too wide) in paragraph at lines 1799--1799
 []|\T1/lmr/m/n/10.95 (-20) 2.4680953|
 []


Overfull \hbox (14.9511pt too wide) in paragraph at lines 1799--1799
 []|\T1/lmr/m/n/10.95 (-20) 1.2434346|
 []


Overfull \hbox (14.9511pt too wide) in paragraph at lines 1799--1800
 []|\T1/lmr/m/n/10.95 (-20) 2.4680953|
 []


Overfull \hbox (14.9511pt too wide) in paragraph at lines 1800--1800
 []|\T1/lmr/m/n/10.95 (-20) 1.9757793|
 []


Overfull \hbox (14.9511pt too wide) in paragraph at lines 1800--1800
 []|\T1/lmr/m/n/10.95 (-20) 0.1198118|
 []


Overfull \hbox (9.5856pt too wide) in paragraph at lines 1800--1800
 []|\T1/lmr/m/n/10.95 (-20) 5.683602|
 []


Overfull \hbox (12.69699pt too wide) in paragraph at lines 1800--1800
 []|\T1/lmr/m/n/10.95 (-20) 5576.734|
 []


Overfull \hbox (14.9511pt too wide) in paragraph at lines 1801--1801
 []|\T1/lmr/m/n/10.95 (-20) 0.0000000|
 []


Overfull \hbox (14.9511pt too wide) in paragraph at lines 1801--1801
 []|\T1/lmr/m/n/10.95 (-20) 1.5621842|
 []


Overfull \hbox (14.9511pt too wide) in paragraph at lines 1801--1801
 []|\T1/lmr/m/n/10.95 (-20) 2.4988753|
 []


Overfull \hbox (14.9511pt too wide) in paragraph at lines 1801--1801
 []|\T1/lmr/m/n/10.95 (-20) 1.5621842|
 []


Overfull \hbox (14.9511pt too wide) in paragraph at lines 1801--1802
 []|\T1/lmr/m/n/10.95 (-20) 2.4988753|
 []


Overfull \hbox (12.87346pt too wide) in paragraph at lines 1802--1802
[]|\T1/lmr/m/n/10.95 (-20) raceOther/Multi|  
 []


Overfull \hbox (14.9511pt too wide) in paragraph at lines 1802--1802
 []|\T1/lmr/m/n/10.95 (-20) 2.1120110|
 []


Overfull \hbox (14.9511pt too wide) in paragraph at lines 1802--1802
 []|\T1/lmr/m/n/10.95 (-20) 0.1530066|
 []


Overfull \hbox (9.5856pt too wide) in paragraph at lines 1802--1802
 []|\T1/lmr/m/n/10.95 (-20) 4.886328|
 []


Overfull \hbox (12.69699pt too wide) in paragraph at lines 1802--1802
 []|\T1/lmr/m/n/10.95 (-20) 4749.963|
 []


Overfull \hbox (14.9511pt too wide) in paragraph at lines 1803--1803
 []|\T1/lmr/m/n/10.95 (-20) 0.0000011|
 []


Overfull \hbox (14.9511pt too wide) in paragraph at lines 1803--1803
 []|\T1/lmr/m/n/10.95 (-20) 1.5646727|
 []


Overfull \hbox (14.9511pt too wide) in paragraph at lines 1803--1803
 []|\T1/lmr/m/n/10.95 (-20) 2.8508138|
 []


Overfull \hbox (14.9511pt too wide) in paragraph at lines 1803--1803
 []|\T1/lmr/m/n/10.95 (-20) 1.5646727|
 []


Overfull \hbox (14.9511pt too wide) in paragraph at lines 1803--1804
 []|\T1/lmr/m/n/10.95 (-20) 2.8508138|
 []

[27 <./index_files/figure-pdf/pred-bmi-1.pdf>]
Underfull \hbox (badness 10000) in paragraph at lines 1812--1816

 []


Underfull \hbox (badness 10000) in paragraph at lines 1816--1819

 []


Underfull \hbox (badness 10000) in paragraph at lines 1819--1823

 []


Underfull \hbox (badness 10000) in paragraph at lines 1823--1826

 []


! LaTeX Error: Unicode character ≈ (U+2248)
               not set up for use with LaTeX.

See the LaTeX manual or LaTeX Companion for explanation.
Type  H <return>  for immediate help.
 ...                                              
                                                  
l.1845 (\texttt{wt\_norm}, mean ≈
                                    1.00, SD ≈ 0.79)\\
You may provide a definition with
\DeclareUnicodeCharacter 


! LaTeX Error: Unicode character ≈ (U+2248)
               not set up for use with LaTeX.

See the LaTeX manual or LaTeX Companion for explanation.
Type  H <return>  for immediate help.
 ...                                              
                                                  
l.1845 (\texttt{wt\_norm}, mean ≈ 1.00, SD ≈
                                                 0.79)\\
You may provide a definition with
\DeclareUnicodeCharacter 

[28]
<index_files/figure-pdf/dist-adult-std-age-bmi-1.pdf, id=268, 397.485pt x 252.945pt>
File: index_files/figure-pdf/dist-adult-std-age-bmi-1.pdf Graphic file (type pdf)
<use index_files/figure-pdf/dist-adult-std-age-bmi-1.pdf>
Package pdftex.def Info: index_files/figure-pdf/dist-adult-std-age-bmi-1.pdf  used on input line 1886.
(pdftex.def)             Requested size: 397.48402pt x 252.94438pt.
 [29]
<index_files/figure-pdf/prior-age-bmi-1.pdf, id=274, 397.485pt x 252.945pt>
File: index_files/figure-pdf/prior-age-bmi-1.pdf Graphic file (type pdf)
<use index_files/figure-pdf/prior-age-bmi-1.pdf>
Package pdftex.def Info: index_files/figure-pdf/prior-age-bmi-1.pdf  used on input line 1923.
(pdftex.def)             Requested size: 397.48402pt x 252.94438pt.
 [30 <./index_files/figure-pdf/dist-adult-std-age-bmi-1.pdf>] [31 <./index_files/figure-pdf/prior-age-bmi-1.pdf>]

! LaTeX Error: Unicode character ̂ (U+0302)
               not set up for use with LaTeX.

See the LaTeX manual or LaTeX Companion for explanation.
Type  H <return>  for immediate help.
 ...                                              
                                                  
l.2001 ...ed successfully (\texttt{R̂\ ≈\ 1.00}
                                                  ),
You may provide a definition with
\DeclareUnicodeCharacter 


! LaTeX Error: Unicode character ≈ (U+2248)
               not set up for use with LaTeX.

See the LaTeX manual or LaTeX Companion for explanation.
Type  H <return>  for immediate help.
 ...                                              
                                                  
l.2001 ...ed successfully (\texttt{R̂\ ≈\ 1.00}
                                                  ),
You may provide a definition with
\DeclareUnicodeCharacter 

[32]
Overfull \hbox (4.58983pt too wide) in paragraph at lines 2075--2075
[]|\T1/lmr/m/n/10.95 (-20) raceMexicanAmerican|  
 []


Package longtable Warning: Column widths have changed
(longtable)                in table 14 on input line 2122.

[33]

Package longtable Warning: Column widths have changed
(longtable)                in table 15 on input line 2164.


! LaTeX Error: Unicode character ̂ (U+0302)
               not set up for use with LaTeX.

See the LaTeX manual or LaTeX Companion for explanation.
Type  H <return>  for immediate help.
 ...                                              
                                                  
l.2166 All parameters achieved R̂
                                   ≈ 1.00 and effective sample sizes
You may provide a definition with
\DeclareUnicodeCharacter 


! LaTeX Error: Unicode character ≈ (U+2248)
               not set up for use with LaTeX.

See the LaTeX manual or LaTeX Companion for explanation.
Type  H <return>  for immediate help.
 ...                                              
                                                  
l.2166 All parameters achieved R̂ ≈
                                       1.00 and effective sample sizes
You may provide a definition with
\DeclareUnicodeCharacter 


! LaTeX Error: Unicode character ≈ (U+2248)
               not set up for use with LaTeX.

See the LaTeX manual or LaTeX Companion for explanation.
Type  H <return>  for immediate help.
 ...                                              
                                                  
l.2167 ...ellent convergence. The Bayesian R² ≈
                                                  
You may provide a definition with
\DeclareUnicodeCharacter 


Overfull \hbox (7.77298pt too wide) in paragraph at lines 2213--2214
 []\T1/lmr/m/n/10.95 (-20) elpd_diff
 []


Overfull \hbox (6.58717pt too wide) in paragraph at lines 2217--2218
 []\T1/lmr/m/n/10.95 (-20) elpd_loo
 []


Overfull \hbox (16.55005pt too wide) in paragraph at lines 2219--2220
 []\T1/lmr/m/n/10.95 (-20) se_elpd_loo
 []


Overfull \hbox (9.62169pt too wide) in paragraph at lines 2223--2224
 []\T1/lmr/m/n/10.95 (-20) se_p_loo
 []


Overfull \hbox (6.91136pt too wide) in paragraph at lines 2227--2228
 []\T1/lmr/m/n/10.95 (-20) se_looic
 []


Overfull \hbox (7.77298pt too wide) in paragraph at lines 2236--2237
 []\T1/lmr/m/n/10.95 (-20) elpd_diff
 []


Overfull \hbox (6.58717pt too wide) in paragraph at lines 2240--2241
 []\T1/lmr/m/n/10.95 (-20) elpd_loo
 []


Overfull \hbox (16.55005pt too wide) in paragraph at lines 2242--2243
 []\T1/lmr/m/n/10.95 (-20) se_elpd_loo
 []


Overfull \hbox (9.62169pt too wide) in paragraph at lines 2246--2247
 []\T1/lmr/m/n/10.95 (-20) se_p_loo
 []


Overfull \hbox (6.91136pt too wide) in paragraph at lines 2250--2251
 []\T1/lmr/m/n/10.95 (-20) se_looic
 []


Overfull \hbox (1.0257pt too wide) in paragraph at lines 2256--2256
[]|\T1/lmr/m/n/10.95 (-20) bayes_fit|  
 []


Overfull \hbox (1.0257pt too wide) in paragraph at lines 2256--2256
[]|\T1/lmr/m/n/10.95 (-20) bayes_fit|  
 []


Overfull \hbox (8.63399pt too wide) in paragraph at lines 2256--2256
 []|\T1/lmr/m/n/10.95 (-20) 0.000000|
 []


Overfull \hbox (4.53717pt too wide) in paragraph at lines 2256--2256
 \T1/lmr/m/n/10.95 (-20) 1418.258|
 []


Overfull \hbox (8.63399pt too wide) in paragraph at lines 2257--2257
 []|\T1/lmr/m/n/10.95 (-20) 8.732434|
 []


Overfull \hbox (10.45016pt too wide) in paragraph at lines 2257--2257
 []|\T1/lmr/m/n/10.95 (-20) 0.5944729|
 []


Overfull \hbox (8.63399pt too wide) in paragraph at lines 2257--2257
 []|\T1/lmr/m/n/10.95 (-20) 2836.517|
 []


Overfull \hbox (8.63399pt too wide) in paragraph at lines 2257--2258
 []|\T1/lmr/m/n/10.95 (-20) 112.8419|
 []


Overfull \hbox (14.12352pt too wide) in paragraph at lines 2258--2258
[]|\T1/lmr/m/n/10.95 (-20) fit_no_race|  
 []


Overfull \hbox (14.12352pt too wide) in paragraph at lines 2258--2258
[]|\T1/lmr/m/n/10.95 (-20) fit_no_race|  
 []


Overfull \hbox (4.53717pt too wide) in paragraph at lines 2258--2258
 \T1/lmr/m/n/10.95 (-20) 14.43171|
 []


Overfull \hbox (8.63399pt too wide) in paragraph at lines 2258--2258
 []|\T1/lmr/m/n/10.95 (-20) 6.367627|
 []


Overfull \hbox (4.53717pt too wide) in paragraph at lines 2258--2258
 \T1/lmr/m/n/10.95 (-20) 1432.690|
 []


Overfull \hbox (8.63399pt too wide) in paragraph at lines 2259--2259
 []|\T1/lmr/m/n/10.95 (-20) 5.223838|
 []


Overfull \hbox (10.45016pt too wide) in paragraph at lines 2259--2259
 []|\T1/lmr/m/n/10.95 (-20) 0.3831466|
 []


Overfull \hbox (8.63399pt too wide) in paragraph at lines 2259--2259
 []|\T1/lmr/m/n/10.95 (-20) 2865.380|
 []


Overfull \hbox (8.63399pt too wide) in paragraph at lines 2259--2260
 []|\T1/lmr/m/n/10.95 (-20) 107.9750|
 []


Overfull \hbox (9.68231pt too wide) in paragraph at lines 2260--2260
[]|\T1/lmr/m/n/10.95 (-20) fit_no_sex|  
 []


Overfull \hbox (9.68231pt too wide) in paragraph at lines 2260--2260
[]|\T1/lmr/m/n/10.95 (-20) fit_no_sex|  
 []


Overfull \hbox (4.81093pt too wide) in paragraph at lines 2260--2260
 \T1/lmr/m/n/10.95 (-20) 20.04611|
 []


Overfull \hbox (8.63399pt too wide) in paragraph at lines 2260--2260
 []|\T1/lmr/m/n/10.95 (-20) 8.205833|
 []


Overfull \hbox (4.53717pt too wide) in paragraph at lines 2260--2260
 \T1/lmr/m/n/10.95 (-20) 1438.305|
 []


Overfull \hbox (8.63399pt too wide) in paragraph at lines 2261--2261
 []|\T1/lmr/m/n/10.95 (-20) 7.359525|
 []


Overfull \hbox (10.45016pt too wide) in paragraph at lines 2261--2261
 []|\T1/lmr/m/n/10.95 (-20) 0.5226182|
 []


Overfull \hbox (8.63399pt too wide) in paragraph at lines 2261--2261
 []|\T1/lmr/m/n/10.95 (-20) 2876.609|
 []


Overfull \hbox (8.63399pt too wide) in paragraph at lines 2261--2262
 []|\T1/lmr/m/n/10.95 (-20) 114.6205|
 []

[34]
<index_files/figure-pdf/fig-ppc-bars-1.pdf, id=322, 397.485pt x 252.945pt>
File: index_files/figure-pdf/fig-ppc-bars-1.pdf Graphic file (type pdf)
<use index_files/figure-pdf/fig-ppc-bars-1.pdf>
Package pdftex.def Info: index_files/figure-pdf/fig-ppc-bars-1.pdf  used on input line 2287.
(pdftex.def)             Requested size: 397.48402pt x 252.94438pt.
 [35 <./index_files/figure-pdf/fig-ppc-bars-1.pdf>]
<index_files/figure-pdf/fig-ppc-mean-1.pdf, id=336, 397.485pt x 252.945pt>
File: index_files/figure-pdf/fig-ppc-mean-1.pdf Graphic file (type pdf)
<use index_files/figure-pdf/fig-ppc-mean-1.pdf>
Package pdftex.def Info: index_files/figure-pdf/fig-ppc-mean-1.pdf  used on input line 2311.
(pdftex.def)             Requested size: 397.48402pt x 252.94438pt.
<index_files/figure-pdf/fig-ppc-sd-1.pdf, id=337, 397.485pt x 252.945pt>
File: index_files/figure-pdf/fig-ppc-sd-1.pdf Graphic file (type pdf)
<use index_files/figure-pdf/fig-ppc-sd-1.pdf>
Package pdftex.def Info: index_files/figure-pdf/fig-ppc-sd-1.pdf  used on input line 2332.
(pdftex.def)             Requested size: 397.48402pt x 252.94438pt.
 [36 <./index_files/figure-pdf/fig-ppc-mean-1.pdf>]
<index_files/figure-pdf/fig-mcmc-areas-1.pdf, id=350, 397.485pt x 252.945pt>
File: index_files/figure-pdf/fig-mcmc-areas-1.pdf Graphic file (type pdf)
<use index_files/figure-pdf/fig-mcmc-areas-1.pdf>
Package pdftex.def Info: index_files/figure-pdf/fig-mcmc-areas-1.pdf  used on input line 2360.
(pdftex.def)             Requested size: 397.48402pt x 252.94438pt.
 [37 <./index_files/figure-pdf/fig-ppc-sd-1.pdf>]
<index_files/figure-pdf/fig-mcmc-trace-1.pdf, id=365, 397.485pt x 252.945pt>
File: index_files/figure-pdf/fig-mcmc-trace-1.pdf Graphic file (type pdf)
<use index_files/figure-pdf/fig-mcmc-trace-1.pdf>
Package pdftex.def Info: index_files/figure-pdf/fig-mcmc-trace-1.pdf  used on input line 2385.
(pdftex.def)             Requested size: 397.48402pt x 252.94438pt.
 [38 <./index_files/figure-pdf/fig-mcmc-areas-1.pdf>]

! LaTeX Error: Unicode character ̂ (U+0302)
               not set up for use with LaTeX.

See the LaTeX manual or LaTeX Companion for explanation.
Type  H <return>  for immediate help.
 ...                                              
                                                  
l.2396 ...ng convergence diagnostics (\texttt{R̂}
                                                   ≈ 1.00). This
You may provide a definition with
\DeclareUnicodeCharacter 


! LaTeX Error: Unicode character ≈ (U+2248)
               not set up for use with LaTeX.

See the LaTeX manual or LaTeX Companion for explanation.
Type  H <return>  for immediate help.
 ...                                              
                                                  
l.2396 ...onvergence diagnostics (\texttt{R̂} ≈
                                                   1.00). This
You may provide a definition with
\DeclareUnicodeCharacter 

<index_files/figure-pdf/fig-mcmc-acf-1.pdf, id=377, 397.485pt x 252.945pt>
File: index_files/figure-pdf/fig-mcmc-acf-1.pdf Graphic file (type pdf)
<use index_files/figure-pdf/fig-mcmc-acf-1.pdf>
Package pdftex.def Info: index_files/figure-pdf/fig-mcmc-acf-1.pdf  used on input line 2411.
(pdftex.def)             Requested size: 397.48402pt x 252.94438pt.
[39 <./index_files/figure-pdf/fig-mcmc-trace-1.pdf>]

! LaTeX Error: Unicode character ̂ (U+0302)
               not set up for use with LaTeX.

See the LaTeX manual or LaTeX Companion for explanation.
Type  H <return>  for immediate help.
 ...                                              
                                                  
l.2435   Together with R̂
                           ≈ 1.00 and large effective sample sizes, these
You may provide a definition with
\DeclareUnicodeCharacter 


! LaTeX Error: Unicode character ≈ (U+2248)
               not set up for use with LaTeX.

See the LaTeX manual or LaTeX Companion for explanation.
Type  H <return>  for immediate help.
 ...                                              
                                                  
l.2435   Together with R̂ ≈
                               1.00 and large effective sample sizes, these
You may provide a definition with
\DeclareUnicodeCharacter 

[40 <./index_files/figure-pdf/fig-mcmc-acf-1.pdf>]
<index_files/figure-pdf/fig-prior-posterior-ggplot-2-1.pdf, id=399, 397.485pt x 252.945pt>
File: index_files/figure-pdf/fig-prior-posterior-ggplot-2-1.pdf Graphic file (type pdf)
<use index_files/figure-pdf/fig-prior-posterior-ggplot-2-1.pdf>
Package pdftex.def Info: index_files/figure-pdf/fig-prior-posterior-ggplot-2-1.pdf  used on input line 2483.
(pdftex.def)             Requested size: 397.48402pt x 252.94438pt.
 [41 <./index_files/figure-pdf/fig-prior-posterior-ggplot-2-1.pdf>]
<index_files/figure-pdf/fig-pred-calibration-1.pdf, id=414, 397.485pt x 252.945pt>
File: index_files/figure-pdf/fig-pred-calibration-1.pdf Graphic file (type pdf)
<use index_files/figure-pdf/fig-pred-calibration-1.pdf>
Package pdftex.def Info: index_files/figure-pdf/fig-pred-calibration-1.pdf  used on input line 2522.
(pdftex.def)             Requested size: 397.48402pt x 252.94438pt.
 [42 <./index_files/figure-pdf/fig-pred-calibration-1.pdf>]

Package longtable Warning: Column widths have changed
(longtable)                in table 17 on input line 2585.

[43]
<index_files/figure-pdf/fig-pop-vs-posterior-prev-1.pdf, id=438, 397.485pt x 252.945pt>
File: index_files/figure-pdf/fig-pop-vs-posterior-prev-1.pdf Graphic file (type pdf)
<use index_files/figure-pdf/fig-pop-vs-posterior-prev-1.pdf>
Package pdftex.def Info: index_files/figure-pdf/fig-pop-vs-posterior-prev-1.pdf  used on input line 2639.
(pdftex.def)             Requested size: 397.48402pt x 252.94438pt.
 [44 <./index_files/figure-pdf/fig-pop-vs-posterior-prev-1.pdf>]

Package longtable Warning: Column widths have changed
(longtable)                in table 18 on input line 2710.

[45]
<index_files/figure-pdf/posterior-density-participants-1.pdf, id=455, 397.485pt x 252.945pt>
File: index_files/figure-pdf/posterior-density-participants-1.pdf Graphic file (type pdf)
<use index_files/figure-pdf/posterior-density-participants-1.pdf>
Package pdftex.def Info: index_files/figure-pdf/posterior-density-participants-1.pdf  used on input line 2753.
(pdftex.def)             Requested size: 397.48402pt x 252.94438pt.
 [46] [47 <./index_files/figure-pdf/posterior-density-participants-1.pdf>]
<index_files/figure-pdf/predict-BMI-target-1.pdf, id=474, 397.485pt x 252.945pt>
File: index_files/figure-pdf/predict-BMI-target-1.pdf Graphic file (type pdf)
<use index_files/figure-pdf/predict-BMI-target-1.pdf>
Package pdftex.def Info: index_files/figure-pdf/predict-BMI-target-1.pdf  used on input line 2831.
(pdftex.def)             Requested size: 397.48402pt x 252.94438pt.
 [48]

! LaTeX Error: Unicode character ≈ (U+2248)
               not set up for use with LaTeX.

See the LaTeX manual or LaTeX Companion for explanation.
Type  H <return>  for immediate help.
 ...                                              
                                                  
l.2844 profile. The ``target BMI ≈
                                     18'' marks the approximate threshold for a
You may provide a definition with
\DeclareUnicodeCharacter 


! LaTeX Error: Unicode character ≈ (U+2248)
               not set up for use with LaTeX.

See the LaTeX manual or LaTeX Companion for explanation.
Type  H <return>  for immediate help.
 ...                                              
                                                  
l.2863   \textbf{Convergence.} All R-hat ≈
                                             1.00; large ESS → excellent m...
You may provide a definition with
\DeclareUnicodeCharacter 

[49 <./index_files/figure-pdf/predict-BMI-target-1.pdf>]

Package longtable Warning: Column widths have changed
(longtable)                in table 19 on input line 2959.

ignored error: Infinite glue shrinkage found in box being split [50] [51]

! LaTeX Error: Unicode character ̂ (U+0302)
               not set up for use with LaTeX.

See the LaTeX manual or LaTeX Companion for explanation.
Type  H <return>  for immediate help.
 ...                                              
                                                  
l.3018 ...y, although convergence diagnostics (R̂
                                                   ≈ 1, sufficient effective
You may provide a definition with
\DeclareUnicodeCharacter 


! LaTeX Error: Unicode character ≈ (U+2248)
               not set up for use with LaTeX.

See the LaTeX manual or LaTeX Companion for explanation.
Type  H <return>  for immediate help.
 ...                                              
                                                  
l.3018 ...lthough convergence diagnostics (R̂ ≈
                                                   1, sufficient effective
You may provide a definition with
\DeclareUnicodeCharacter 

[52] [53]

Package longtable Warning: Table widths have changed. Rerun LaTeX.

[54] (./index.aux)
 ***********
LaTeX2e <2025-11-01>
L3 programming layer <2025-10-24>
 ***********


LaTeX Warning: There were undefined references.


LaTeX Warning: Label(s) may have changed. Rerun to get cross-references right.

 ) 
Here is how much of TeX's memory you used:
 21314 strings out of 469458
 382346 string characters out of 5466443
 981044 words of memory out of 5000000
 49282 multiletter control sequences out of 15000+600000
 707885 words of font info for 200 fonts, out of 8000000 for 9000
 36 hyphenation exceptions out of 8191
 108i,12n,107p,11227b,694s stack positions out of 10000i,1000n,20000p,200000b,200000s
</Users/autumnwilcox/Library/TinyTeX/texmf-dist/fonts/type1/public/lm/lmbx10.pfb></Users/autumnwilcox/Library/TinyTeX/texmf-dist/fonts/type1/public/lm/lmmi10.pfb></Users/autumnwilcox/Library/TinyTeX/texmf-dist/fonts/type1/public/lm/lmmi8.pfb></Users/autumnwilcox/Library/TinyTeX/texmf-dist/fonts/type1/public/lm/lmmib10.pfb></Users/autumnwilcox/Library/TinyTeX/texmf-dist/fonts/type1/public/lm/lmr10.pfb></Users/autumnwilcox/Library/TinyTeX/texmf-dist/fonts/type1/public/lm/lmr12.pfb></Users/autumnwilcox/Library/TinyTeX/texmf-dist/fonts/type1/public/lm/lmr8.pfb></Users/autumnwilcox/Library/TinyTeX/texmf-dist/fonts/type1/public/lm/lmri10.pfb></Users/autumnwilcox/Library/TinyTeX/texmf-dist/fonts/type1/public/lm/lmssbx10.pfb></Users/autumnwilcox/Library/TinyTeX/texmf-dist/fonts/type1/public/lm/lmsy10.pfb></Users/autumnwilcox/Library/TinyTeX/texmf-dist/fonts/type1/public/lm/lmtk10.pfb></Users/autumnwilcox/Library/TinyTeX/texmf-dist/fonts/type1/public/lm/lmtt10.pfb>
Output written on index.pdf (54 pages, 1434886 bytes).
PDF statistics:
 754 PDF objects out of 1000 (max. 8388607)
 614 compressed objects within 7 object streams
 168 named destinations out of 1000 (max. 500000)
 45401 words of extra memory for PDF output out of 51595 (max. 10000000)

